0 info it worked if it ends with ok
1 verbose cli [ 'C:\\Program Files (x86)\\nodejs\\\\node.exe',
1 verbose cli   'C:\\Program Files (x86)\\nodejs\\node_modules\\npm\\bin\\npm-cli.js',
1 verbose cli   'i' ]
2 info using npm@1.4.28
3 info using node@v0.10.33
4 verbose node symlink C:\Program Files (x86)\nodejs\\node.exe
5 verbose readDependencies using package.json deps
6 verbose install where, deps [ 'D:\\Poker_project\\pokerv01',
6 verbose install   [ 'express',
6 verbose install     'lodash',
6 verbose install     'socket.io',
6 verbose install     'colors',
6 verbose install     'node-sass-middleware',
6 verbose install     'jade',
6 verbose install     'mysql',
6 verbose install     'browser-sync',
6 verbose install     'browserify',
6 verbose install     'gulp',
6 verbose install     'gulp-browserify',
6 verbose install     'gulp-nodemon',
6 verbose install     'gulp-requirejs-optimize',
6 verbose install     'jasmine-node',
6 verbose install     'requirejs' ] ]
7 info preinstall poker@0.0.0
8 verbose readDependencies using package.json deps
9 verbose already installed skipping express@^4.8.2 D:\Poker_project\pokerv01
10 verbose already installed skipping lodash@* D:\Poker_project\pokerv01
11 verbose already installed skipping socket.io@* D:\Poker_project\pokerv01
12 verbose already installed skipping colors@* D:\Poker_project\pokerv01
13 verbose already installed skipping node-sass-middleware@* D:\Poker_project\pokerv01
14 verbose already installed skipping jade@* D:\Poker_project\pokerv01
15 verbose already installed skipping mysql@2.0.0-alpha8 D:\Poker_project\pokerv01
16 verbose already installed skipping browser-sync@^1.3.3 D:\Poker_project\pokerv01
17 verbose cache add [ 'browserify@^11.0.1', null ]
18 verbose cache add name=undefined spec="browserify@^11.0.1" args=["browserify@^11.0.1",null]
19 verbose parsed url { protocol: null,
19 verbose parsed url   slashes: null,
19 verbose parsed url   auth: null,
19 verbose parsed url   host: null,
19 verbose parsed url   port: null,
19 verbose parsed url   hostname: null,
19 verbose parsed url   hash: null,
19 verbose parsed url   search: null,
19 verbose parsed url   query: null,
19 verbose parsed url   pathname: 'browserify@^11.0.1',
19 verbose parsed url   path: 'browserify@^11.0.1',
19 verbose parsed url   href: 'browserify@^11.0.1' }
20 verbose already installed skipping gulp@^3.8.7 D:\Poker_project\pokerv01
21 verbose cache add [ 'gulp-browserify@^0.5.1', null ]
22 verbose cache add name=undefined spec="gulp-browserify@^0.5.1" args=["gulp-browserify@^0.5.1",null]
23 verbose parsed url { protocol: null,
23 verbose parsed url   slashes: null,
23 verbose parsed url   auth: null,
23 verbose parsed url   host: null,
23 verbose parsed url   port: null,
23 verbose parsed url   hostname: null,
23 verbose parsed url   hash: null,
23 verbose parsed url   search: null,
23 verbose parsed url   query: null,
23 verbose parsed url   pathname: 'gulp-browserify@^0.5.1',
23 verbose parsed url   path: 'gulp-browserify@^0.5.1',
23 verbose parsed url   href: 'gulp-browserify@^0.5.1' }
24 verbose already installed skipping gulp-nodemon@^1.0.4 D:\Poker_project\pokerv01
25 verbose cache add [ 'gulp-requirejs-optimize@^0.2.0', null ]
26 verbose cache add name=undefined spec="gulp-requirejs-optimize@^0.2.0" args=["gulp-requirejs-optimize@^0.2.0",null]
27 verbose parsed url { protocol: null,
27 verbose parsed url   slashes: null,
27 verbose parsed url   auth: null,
27 verbose parsed url   host: null,
27 verbose parsed url   port: null,
27 verbose parsed url   hostname: null,
27 verbose parsed url   hash: null,
27 verbose parsed url   search: null,
27 verbose parsed url   query: null,
27 verbose parsed url   pathname: 'gulp-requirejs-optimize@^0.2.0',
27 verbose parsed url   path: 'gulp-requirejs-optimize@^0.2.0',
27 verbose parsed url   href: 'gulp-requirejs-optimize@^0.2.0' }
28 verbose already installed skipping jasmine-node@^1.14.5 D:\Poker_project\pokerv01
29 verbose cache add [ 'requirejs@^2.1.20', null ]
30 verbose cache add name=undefined spec="requirejs@^2.1.20" args=["requirejs@^2.1.20",null]
31 verbose parsed url { protocol: null,
31 verbose parsed url   slashes: null,
31 verbose parsed url   auth: null,
31 verbose parsed url   host: null,
31 verbose parsed url   port: null,
31 verbose parsed url   hostname: null,
31 verbose parsed url   hash: null,
31 verbose parsed url   search: null,
31 verbose parsed url   query: null,
31 verbose parsed url   pathname: 'requirejs@^2.1.20',
31 verbose parsed url   path: 'requirejs@^2.1.20',
31 verbose parsed url   href: 'requirejs@^2.1.20' }
32 verbose cache add name="browserify" spec="^11.0.1" args=["browserify","^11.0.1"]
33 verbose parsed url { protocol: null,
33 verbose parsed url   slashes: null,
33 verbose parsed url   auth: null,
33 verbose parsed url   host: null,
33 verbose parsed url   port: null,
33 verbose parsed url   hostname: null,
33 verbose parsed url   hash: null,
33 verbose parsed url   search: null,
33 verbose parsed url   query: null,
33 verbose parsed url   pathname: '^11.0.1',
33 verbose parsed url   path: '^11.0.1',
33 verbose parsed url   href: '^11.0.1' }
34 verbose addNamed [ 'browserify', '^11.0.1' ]
35 verbose addNamed [ null, '>=11.0.1-0 <12.0.0-0' ]
36 verbose cache add name="gulp-browserify" spec="^0.5.1" args=["gulp-browserify","^0.5.1"]
37 verbose parsed url { protocol: null,
37 verbose parsed url   slashes: null,
37 verbose parsed url   auth: null,
37 verbose parsed url   host: null,
37 verbose parsed url   port: null,
37 verbose parsed url   hostname: null,
37 verbose parsed url   hash: null,
37 verbose parsed url   search: null,
37 verbose parsed url   query: null,
37 verbose parsed url   pathname: '^0.5.1',
37 verbose parsed url   path: '^0.5.1',
37 verbose parsed url   href: '^0.5.1' }
38 verbose addNamed [ 'gulp-browserify', '^0.5.1' ]
39 verbose addNamed [ null, '>=0.5.1-0 <0.6.0-0' ]
40 verbose cache add name="gulp-requirejs-optimize" spec="^0.2.0" args=["gulp-requirejs-optimize","^0.2.0"]
41 verbose parsed url { protocol: null,
41 verbose parsed url   slashes: null,
41 verbose parsed url   auth: null,
41 verbose parsed url   host: null,
41 verbose parsed url   port: null,
41 verbose parsed url   hostname: null,
41 verbose parsed url   hash: null,
41 verbose parsed url   search: null,
41 verbose parsed url   query: null,
41 verbose parsed url   pathname: '^0.2.0',
41 verbose parsed url   path: '^0.2.0',
41 verbose parsed url   href: '^0.2.0' }
42 verbose addNamed [ 'gulp-requirejs-optimize', '^0.2.0' ]
43 verbose addNamed [ null, '>=0.2.0-0 <0.3.0-0' ]
44 verbose cache add name="requirejs" spec="^2.1.20" args=["requirejs","^2.1.20"]
45 verbose parsed url { protocol: null,
45 verbose parsed url   slashes: null,
45 verbose parsed url   auth: null,
45 verbose parsed url   host: null,
45 verbose parsed url   port: null,
45 verbose parsed url   hostname: null,
45 verbose parsed url   hash: null,
45 verbose parsed url   search: null,
45 verbose parsed url   query: null,
45 verbose parsed url   pathname: '^2.1.20',
45 verbose parsed url   path: '^2.1.20',
45 verbose parsed url   href: '^2.1.20' }
46 verbose addNamed [ 'requirejs', '^2.1.20' ]
47 verbose addNamed [ null, '>=2.1.20-0 <3.0.0-0' ]
48 silly lockFile e3dbc5fc-browserify-11-0-1 browserify@^11.0.1
49 verbose lock browserify@^11.0.1 C:\Users\giant\AppData\Roaming\npm-cache\e3dbc5fc-browserify-11-0-1.lock
50 silly lockFile d073a4d6-gulp-browserify-0-5-1 gulp-browserify@^0.5.1
51 verbose lock gulp-browserify@^0.5.1 C:\Users\giant\AppData\Roaming\npm-cache\d073a4d6-gulp-browserify-0-5-1.lock
52 silly lockFile eb6311d7-gulp-requirejs-optimize-0-2-0 gulp-requirejs-optimize@^0.2.0
53 verbose lock gulp-requirejs-optimize@^0.2.0 C:\Users\giant\AppData\Roaming\npm-cache\eb6311d7-gulp-requirejs-optimize-0-2-0.lock
54 silly lockFile 4c0428c0-requirejs-2-1-20 requirejs@^2.1.20
55 verbose lock requirejs@^2.1.20 C:\Users\giant\AppData\Roaming\npm-cache\4c0428c0-requirejs-2-1-20.lock
56 silly addNameRange { name: 'gulp-requirejs-optimize',
56 silly addNameRange   range: '>=0.2.0-0 <0.3.0-0',
56 silly addNameRange   hasData: false }
57 silly addNameRange { name: 'browserify',
57 silly addNameRange   range: '>=11.0.1-0 <12.0.0-0',
57 silly addNameRange   hasData: false }
58 silly addNameRange { name: 'gulp-browserify',
58 silly addNameRange   range: '>=0.5.1-0 <0.6.0-0',
58 silly addNameRange   hasData: false }
59 verbose request where is /gulp-requirejs-optimize
60 verbose request registry https://registry.npmjs.org/
61 verbose request id 95a45c136b445027
62 verbose url raw /gulp-requirejs-optimize
63 verbose url resolving [ 'https://registry.npmjs.org/', './gulp-requirejs-optimize' ]
64 verbose url resolved https://registry.npmjs.org/gulp-requirejs-optimize
65 verbose request where is https://registry.npmjs.org/gulp-requirejs-optimize
66 info trying registry request attempt 1 at 12:58:51
67 http GET https://registry.npmjs.org/gulp-requirejs-optimize
68 verbose request where is /browserify
69 verbose request registry https://registry.npmjs.org/
70 verbose url raw /browserify
71 verbose url resolving [ 'https://registry.npmjs.org/', './browserify' ]
72 verbose url resolved https://registry.npmjs.org/browserify
73 verbose request where is https://registry.npmjs.org/browserify
74 info trying registry request attempt 1 at 12:58:51
75 http GET https://registry.npmjs.org/browserify
76 silly addNameRange { name: 'requirejs',
76 silly addNameRange   range: '>=2.1.20-0 <3.0.0-0',
76 silly addNameRange   hasData: false }
77 verbose request where is /gulp-browserify
78 verbose request registry https://registry.npmjs.org/
79 verbose url raw /gulp-browserify
80 verbose url resolving [ 'https://registry.npmjs.org/', './gulp-browserify' ]
81 verbose url resolved https://registry.npmjs.org/gulp-browserify
82 verbose request where is https://registry.npmjs.org/gulp-browserify
83 info trying registry request attempt 1 at 12:58:51
84 http GET https://registry.npmjs.org/gulp-browserify
85 verbose request where is /requirejs
86 verbose request registry https://registry.npmjs.org/
87 verbose url raw /requirejs
88 verbose url resolving [ 'https://registry.npmjs.org/', './requirejs' ]
89 verbose url resolved https://registry.npmjs.org/requirejs
90 verbose request where is https://registry.npmjs.org/requirejs
91 info trying registry request attempt 1 at 12:58:51
92 verbose etag "BDMR6PC2SXE262V1JWI0GAQ6N"
93 http GET https://registry.npmjs.org/requirejs
94 http 200 https://registry.npmjs.org/requirejs
95 silly registry.get cb [ 200,
95 silly registry.get   { server: 'CouchDB/1.5.0 (Erlang OTP/R16B03)',
95 silly registry.get     etag: '"4W6XQDJR6PY67H7IGYDA7221K"',
95 silly registry.get     'content-type': 'application/json',
95 silly registry.get     'cache-control': 'max-age=60',
95 silly registry.get     'content-length': '41557',
95 silly registry.get     'accept-ranges': 'bytes',
95 silly registry.get     date: 'Sat, 29 Aug 2015 10:58:46 GMT',
95 silly registry.get     via: '1.1 varnish',
95 silly registry.get     age: '27',
95 silly registry.get     connection: 'keep-alive',
95 silly registry.get     'x-served-by': 'cache-fra1221-FRA',
95 silly registry.get     'x-cache': 'HIT',
95 silly registry.get     'x-cache-hits': '1',
95 silly registry.get     'x-timer': 'S1440845926.287645,VS0,VE0',
95 silly registry.get     vary: 'Accept' } ]
96 silly addNameRange number 2 { name: 'requirejs',
96 silly addNameRange   range: '>=2.1.20-0 <3.0.0-0',
96 silly addNameRange   hasData: true }
97 silly addNameRange versions [ 'requirejs',
97 silly addNameRange   [ '0.26.0',
97 silly addNameRange     '0.27.0',
97 silly addNameRange     '0.27.1',
97 silly addNameRange     '1.0.0',
97 silly addNameRange     '1.0.1',
97 silly addNameRange     '1.0.2',
97 silly addNameRange     '1.0.3',
97 silly addNameRange     '1.0.4',
97 silly addNameRange     '1.0.5',
97 silly addNameRange     '1.0.6',
97 silly addNameRange     '1.0.7',
97 silly addNameRange     '1.0.8',
97 silly addNameRange     '2.0.0',
97 silly addNameRange     '2.0.1',
97 silly addNameRange     '2.0.2',
97 silly addNameRange     '2.0.3',
97 silly addNameRange     '2.0.4',
97 silly addNameRange     '2.0.5',
97 silly addNameRange     '2.0.6',
97 silly addNameRange     '2.1.0',
97 silly addNameRange     '2.1.1',
97 silly addNameRange     '2.1.2',
97 silly addNameRange     '2.1.3',
97 silly addNameRange     '2.1.4',
97 silly addNameRange     '2.1.5',
97 silly addNameRange     '2.1.6',
97 silly addNameRange     '2.1.7',
97 silly addNameRange     '2.1.8',
97 silly addNameRange     '2.1.9',
97 silly addNameRange     '2.1.10',
97 silly addNameRange     '2.1.11',
97 silly addNameRange     '2.1.12',
97 silly addNameRange     '2.1.13',
97 silly addNameRange     '2.1.14',
97 silly addNameRange     '2.1.15',
97 silly addNameRange     '2.1.16',
97 silly addNameRange     '2.1.17',
97 silly addNameRange     '2.1.18',
97 silly addNameRange     '2.1.19',
97 silly addNameRange     '2.1.20' ] ]
98 verbose addNamed [ 'requirejs', '2.1.20' ]
99 verbose addNamed [ '2.1.20', '2.1.20' ]
100 silly lockFile c70073ca-requirejs-2-1-20 requirejs@2.1.20
101 verbose lock requirejs@2.1.20 C:\Users\giant\AppData\Roaming\npm-cache\c70073ca-requirejs-2-1-20.lock
102 silly lockFile c70073ca-requirejs-2-1-20 requirejs@2.1.20
103 silly lockFile c70073ca-requirejs-2-1-20 requirejs@2.1.20
104 silly lockFile 4c0428c0-requirejs-2-1-20 requirejs@^2.1.20
105 silly lockFile 4c0428c0-requirejs-2-1-20 requirejs@^2.1.20
106 http 200 https://registry.npmjs.org/gulp-browserify
107 silly registry.get cb [ 200,
107 silly registry.get   { server: 'CouchDB/1.5.0 (Erlang OTP/R16B03)',
107 silly registry.get     etag: '"6JFAU8PZV8LWNZ2VGSOXMZ1HY"',
107 silly registry.get     'content-type': 'application/json',
107 silly registry.get     'cache-control': 'max-age=60',
107 silly registry.get     'content-length': '37610',
107 silly registry.get     'accept-ranges': 'bytes',
107 silly registry.get     date: 'Sat, 29 Aug 2015 10:58:41 GMT',
107 silly registry.get     via: '1.1 varnish',
107 silly registry.get     age: '0',
107 silly registry.get     connection: 'keep-alive',
107 silly registry.get     'x-served-by': 'cache-fra1235-FRA',
107 silly registry.get     'x-cache': 'HIT',
107 silly registry.get     'x-cache-hits': '1',
107 silly registry.get     'x-timer': 'S1440845921.114170,VS0,VE104',
107 silly registry.get     vary: 'Accept' } ]
108 silly addNameRange number 2 { name: 'gulp-browserify',
108 silly addNameRange   range: '>=0.5.1-0 <0.6.0-0',
108 silly addNameRange   hasData: true }
109 silly addNameRange versions [ 'gulp-browserify',
109 silly addNameRange   [ '0.1.0',
109 silly addNameRange     '0.1.1',
109 silly addNameRange     '0.1.2',
109 silly addNameRange     '0.2.2',
109 silly addNameRange     '0.2.3',
109 silly addNameRange     '0.2.4',
109 silly addNameRange     '0.2.5',
109 silly addNameRange     '0.2.6',
109 silly addNameRange     '0.2.7',
109 silly addNameRange     '0.3.0',
109 silly addNameRange     '0.3.1',
109 silly addNameRange     '0.3.2',
109 silly addNameRange     '0.3.3',
109 silly addNameRange     '0.3.4',
109 silly addNameRange     '0.4.0',
109 silly addNameRange     '0.4.1',
109 silly addNameRange     '0.4.2',
109 silly addNameRange     '0.4.3',
109 silly addNameRange     '0.4.4',
109 silly addNameRange     '0.4.5',
109 silly addNameRange     '0.4.6',
109 silly addNameRange     '0.5.0',
109 silly addNameRange     '0.5.1' ] ]
110 verbose addNamed [ 'gulp-browserify', '0.5.1' ]
111 verbose addNamed [ '0.5.1', '0.5.1' ]
112 silly lockFile 238d2b6c-gulp-browserify-0-5-1 gulp-browserify@0.5.1
113 verbose lock gulp-browserify@0.5.1 C:\Users\giant\AppData\Roaming\npm-cache\238d2b6c-gulp-browserify-0-5-1.lock
114 silly lockFile 8539d933-serify-gulp-browserify-0-5-1-tgz https://registry.npmjs.org/gulp-browserify/-/gulp-browserify-0.5.1.tgz
115 verbose lock https://registry.npmjs.org/gulp-browserify/-/gulp-browserify-0.5.1.tgz C:\Users\giant\AppData\Roaming\npm-cache\8539d933-serify-gulp-browserify-0-5-1-tgz.lock
116 verbose addRemoteTarball [ 'https://registry.npmjs.org/gulp-browserify/-/gulp-browserify-0.5.1.tgz',
116 verbose addRemoteTarball   '820108ac2554a954adb8be17d23958b0c04be083' ]
117 info retry fetch attempt 1 at 12:59:46
118 verbose fetch to= C:\Users\giant\AppData\Local\Temp\npm-5872-27klWkjX\registry.npmjs.org\gulp-browserify\-\gulp-browserify-0.5.1.tgz
119 http GET https://registry.npmjs.org/gulp-browserify/-/gulp-browserify-0.5.1.tgz
120 http 200 https://registry.npmjs.org/gulp-browserify/-/gulp-browserify-0.5.1.tgz
121 silly lockFile 8539d933-serify-gulp-browserify-0-5-1-tgz https://registry.npmjs.org/gulp-browserify/-/gulp-browserify-0.5.1.tgz
122 silly lockFile 8539d933-serify-gulp-browserify-0-5-1-tgz https://registry.npmjs.org/gulp-browserify/-/gulp-browserify-0.5.1.tgz
123 silly lockFile 238d2b6c-gulp-browserify-0-5-1 gulp-browserify@0.5.1
124 silly lockFile 238d2b6c-gulp-browserify-0-5-1 gulp-browserify@0.5.1
125 silly lockFile d073a4d6-gulp-browserify-0-5-1 gulp-browserify@^0.5.1
126 silly lockFile d073a4d6-gulp-browserify-0-5-1 gulp-browserify@^0.5.1
127 http 200 https://registry.npmjs.org/gulp-requirejs-optimize
128 silly registry.get cb [ 200,
128 silly registry.get   { server: 'CouchDB/1.5.0 (Erlang OTP/R16B03)',
128 silly registry.get     etag: '"F29RX546HUMQDZI4XME8KIKXV"',
128 silly registry.get     'content-type': 'application/json',
128 silly registry.get     'cache-control': 'max-age=60',
128 silly registry.get     'content-length': '11732',
128 silly registry.get     'accept-ranges': 'bytes',
128 silly registry.get     date: 'Sat, 29 Aug 2015 10:58:39 GMT',
128 silly registry.get     via: '1.1 varnish',
128 silly registry.get     age: '0',
128 silly registry.get     connection: 'keep-alive',
128 silly registry.get     'x-served-by': 'cache-fra1224-FRA',
128 silly registry.get     'x-cache': 'MISS',
128 silly registry.get     'x-cache-hits': '0',
128 silly registry.get     'x-timer': 'S1440845919.212842,VS0,VE99',
128 silly registry.get     vary: 'Accept' } ]
129 silly addNameRange number 2 { name: 'gulp-requirejs-optimize',
129 silly addNameRange   range: '>=0.2.0-0 <0.3.0-0',
129 silly addNameRange   hasData: true }
130 silly addNameRange versions [ 'gulp-requirejs-optimize',
130 silly addNameRange   [ '0.1.0', '0.1.1', '0.1.2', '0.1.3', '0.2.0' ] ]
131 verbose addNamed [ 'gulp-requirejs-optimize', '0.2.0' ]
132 verbose addNamed [ '0.2.0', '0.2.0' ]
133 silly lockFile 93b86511-gulp-requirejs-optimize-0-2-0 gulp-requirejs-optimize@0.2.0
134 verbose lock gulp-requirejs-optimize@0.2.0 C:\Users\giant\AppData\Roaming\npm-cache\93b86511-gulp-requirejs-optimize-0-2-0.lock
135 silly lockFile 975c01d4-ulp-requirejs-optimize-0-2-0-tgz https://registry.npmjs.org/gulp-requirejs-optimize/-/gulp-requirejs-optimize-0.2.0.tgz
136 verbose lock https://registry.npmjs.org/gulp-requirejs-optimize/-/gulp-requirejs-optimize-0.2.0.tgz C:\Users\giant\AppData\Roaming\npm-cache\975c01d4-ulp-requirejs-optimize-0-2-0-tgz.lock
137 verbose addRemoteTarball [ 'https://registry.npmjs.org/gulp-requirejs-optimize/-/gulp-requirejs-optimize-0.2.0.tgz',
137 verbose addRemoteTarball   'b9db251559d2aa88fabb70a44dc86aee68a17698' ]
138 info retry fetch attempt 1 at 13:00:08
139 verbose fetch to= C:\Users\giant\AppData\Local\Temp\npm-5872-27klWkjX\registry.npmjs.org\gulp-requirejs-optimize\-\gulp-requirejs-optimize-0.2.0.tgz
140 http GET https://registry.npmjs.org/gulp-requirejs-optimize/-/gulp-requirejs-optimize-0.2.0.tgz
141 http 200 https://registry.npmjs.org/gulp-requirejs-optimize/-/gulp-requirejs-optimize-0.2.0.tgz
142 silly lockFile 975c01d4-ulp-requirejs-optimize-0-2-0-tgz https://registry.npmjs.org/gulp-requirejs-optimize/-/gulp-requirejs-optimize-0.2.0.tgz
143 silly lockFile 975c01d4-ulp-requirejs-optimize-0-2-0-tgz https://registry.npmjs.org/gulp-requirejs-optimize/-/gulp-requirejs-optimize-0.2.0.tgz
144 silly lockFile 93b86511-gulp-requirejs-optimize-0-2-0 gulp-requirejs-optimize@0.2.0
145 silly lockFile 93b86511-gulp-requirejs-optimize-0-2-0 gulp-requirejs-optimize@0.2.0
146 silly lockFile eb6311d7-gulp-requirejs-optimize-0-2-0 gulp-requirejs-optimize@^0.2.0
147 silly lockFile eb6311d7-gulp-requirejs-optimize-0-2-0 gulp-requirejs-optimize@^0.2.0
148 http 200 https://registry.npmjs.org/browserify
149 verbose bad json {"_id":"browserify","_rev":"1433-150f6dae499b7062a27116f7ea494f73","name":"browserify","description":"browser-side require() the node way","dist-tags":{"latest":"11.0.1"},"versions":{"0.0.1":{"name":"browserify","version":"0.0.1","description":"Browser-side require() for js directories and npm modules","main":"./index","repository":{"type":"git","url":"http://github.com/substack/node-browserify.git"},"keywords":["browser","require","middleware","npm"],"dependencies":{"findit":">=0.0.1","npm":">=0.2.16"},"author":{"name":"James Halliday","email":"mail@substack.net","url":"http://substack.net"},"license":"MIT/X11","engine":["node >=0.2.0"],"_id":"browserify@0.0.1","engines":{"node":"*"},"_engineSupported":true,"_npmVersion":"0.2.16","_nodeVersion":"v0.3.8-pre","directories":{},"files":[""],"_defaultsLoaded":true,"dist":{"shasum":"d3f2e476a7c91ee4664a77d92a88328f16a4b51c","tarball":"http://registry.npmjs.org/browserify/-/browserify-0.0.1.tgz"}},"0.0.2":{"name":"browserify","version":"0.0.2","description":"Browser-side require() for js directories and npm modules","main":"./index","repository":{"type":"git","url":"http://github.com/substack/node-browserify.git"},"keywords":["browser","require","middleware","npm"],"dependencies":{"findit":">=0.0.1","npm":">=0.2.16"},"author":{"name":"James Halliday","email":"mail@substack.net","url":"http://substack.net"},"license":"MIT/X11","engine":["node >=0.3.0"],"_id":"browserify@0.0.2","engines":{"node":"*"},"_engineSupported":true,"_npmVersion":"0.2.16","_nodeVersion":"v0.3.8-pre","directories":{},"files":[""],"_defaultsLoaded":true,"dist":{"shasum":"c93d7d08f3c5acd570d2895d6c83093154afce3e","tarball":"http://registry.npmjs.org/browserify/-/browserify-0.0.2.tgz"}},"0.0.3":{"name":"browserify","version":"0.0.3","description":"Browser-side require() for js directories and npm modules","main":"./index","repository":{"type":"git","url":"http://github.com/substack/node-browserify.git"},"keywords":["browser","require","middleware","npm"],"dependencies":{"findit":">=0.0.1","npm":">=0.2.16"},"author":{"name":"James Halliday","email":"mail@substack.net","url":"http://substack.net"},"license":"MIT/X11","engine":["node >=0.3.0"],"_id":"browserify@0.0.3","engines":{"node":"*"},"_engineSupported":true,"_npmVersion":"0.2.18","_nodeVersion":"v0.3.8-pre","directories":{},"files":[""],"_defaultsLoaded":true,"dist":{"shasum":"e05a0a029a413378439e90559efdbc47c55e4c3e","tarball":"http://registry.npmjs.org/browserify/-/browserify-0.0.3.tgz"}},"0.0.4":{"name":"browserify","version":"0.0.4","description":"Browser-side require() for js directories and npm modules","main":"./index","repository":{"type":"git","url":"http://github.com/substack/node-browserify.git"},"keywords":["browser","require","middleware","npm"],"dependencies":{"findit":">=0.0.1","npm":">=0.2.16","es5-shim":">=1.0.0"},"author":{"name":"James Halliday","email":"mail@substack.net","url":"http://substack.net"},"license":"MIT/X11","engine":["node >=0.3.0"],"_id":"browserify@0.0.4","engines":{"node":"*"},"_engineSupported":true,"_npmVersion":"0.2.18","_nodeVersion":"v0.3.8-pre","directories":{},"files":[""],"_defaultsLoaded":true,"dist":{"shasum":"24c86b71754f9091d4b7fe68151ab5ad1296083a","tarball":"http://registry.npmjs.org/browserify/-/browserify-0.0.4.tgz"}},"0.0.5":{"name":"browserify","version":"0.0.5","description":"Browser-side require() for js directories and npm modules","main":"./index","repository":{"type":"git","url":"http://github.com/substack/node-browserify.git"},"keywords":["browser","require","middleware","npm"],"dependencies":{"findit":">=0.0.1","npm":">=0.2.16","es5-shim":">=1.0.0","coffee-script":">=1.0.0"},"author":{"name":"James Halliday","email":"mail@substack.net","url":"http://substack.net"},"license":"MIT/X11","engine":["node >=0.3.0"],"_id":"browserify@0.0.5","engines":{"node":"*"},"_engineSupported":true,"_npmVersion":"0.2.18","_nodeVersion":"v0.3.8-pre","directories":{},"files":[""],"_defaultsLoaded":true,"dist":{"shasum":"7a69b80ff5e5ffb2c291737f61a2b1d25e741b3e","tarball":"http://registry.npmjs.org/browserify/-/browserify-0.0.5.tgz"}},"0.1.0":{"name":"browserify","version":"0.1.0","description":"Browser-side require() for js directories and npm modules","main":"./index.js","directories":{"example":"./examples"},"repository":{"type":"git","url":"git://github.com/substack/node-browserify.git"},"keywords":["browser","require","middleware","npm"],"dependencies":{"findit":">=0.0.1","source":">=0.0.1","es5-shim":">=1.0.0","coffee-script":">=1.0.0"},"devDependencies":{"expresso":">=0.6.0","seq":">=0.1.8"},"author":{"name":"James Halliday","email":"mail@substack.net","url":"http://substack.net"},"scripts":{"test":"expresso"},"license":"MIT/X11","engine":["node >=0.4.0"],"_id":"browserify@0.1.0","engines":{"node":"*"},"_engineSupported":true,"_npmVersion":"0.3.3","_nodeVersion":"v0.5.0-pre","files":[""],"_defaultsLoaded":true,"dist":{"shasum":"8393d4967771d499587b255b6ab0badd91958849","tarball":"http://registry.npmjs.org/browserify/-/browserify-0.1.0.tgz"}},"0.1.1":{"name":"browserify","version":"0.1.1","description":"Browser-side require() for js directories and npm modules","main":"./index.js","directories":{"example":"./examples"},"repository":{"type":"git","url":"git://github.com/substack/node-browserify.git"},"keywords":["browser","require","middleware","npm"],"dependencies":{"findit":">=0.0.1","source":">=0.0.1","es5-shim":">=1.0.0","coffee-script":">=1.0.0"},"devDependencies":{"expresso":">=0.6.0","seq":">=0.1.8"},"author":{"name":"James Halliday","email":"mail@substack.net","url":"http://substack.net"},"scripts":{"test":"expresso"},"license":"MIT/X11","engine":["node >=0.4.0"],"_id":"browserify@0.1.1","engines":{"node":"*"},"_engineSupported":true,"_npmVersion":"0.3.3","_nodeVersion":"v0.5.0-pre","files":[""],"_defaultsLoaded":true,"dist":{"shasum":"e52e2b5ea18823f63b4eb30afbfc246bea4fbe79","tarball":"http://registry.npmjs.org/browserify/-/browserify-0.1.1.tgz"}},"0.1.2":{"name":"browserify","version":"0.1.2","description":"Browser-side require() for js directories and npm modules","main":"./index.js","directories":{"example":"./examples"},"repository":{"type":"git","url":"git://github.com/substack/node-browserify.git"},"keywords":["browser","require","middleware","bundle","npm"],"dependencies":{"findit":">=0.0.1","source":">=0.0.1","es5-shim":">=1.0.0","coffee-script":">=1.0.0"},"devDependencies":{"expresso":">=0.6.0","seq":">=0.1.8","backbone":">=0.3.3"},"author":{"name":"James Halliday","email":"mail@substack.net","url":"http://substack.net"},"scripts":{"test":"expresso"},"license":"MIT/X11","engine":["node >=0.4.0"],"_id":"browserify@0.1.2","engines":{"node":"*"},"_engineSupported":true,"_npmVersion":"0.3.3","_nodeVersion":"v0.5.0-pre","files":[""],"_defaultsLoaded":true,"dist":{"shasum":"f8e9c1988f7c2db75c1d1148cf3d169deb7515fe","tarball":"http://registry.npmjs.org/browserify/-/browserify-0.1.2.tgz"}},"0.1.3":{"name":"browserify","version":"0.1.3","description":"Browser-side require() for js directories and npm modules","main":"./index.js","directories":{"example":"./examples"},"repository":{"type":"git","url":"git://github.com/substack/node-browserify.git"},"keywords":["browser","require","middleware","bundle","npm"],"dependencies":{"findit":">=0.0.1","source":">=0.0.3","es5-shim":">=1.0.0","coffee-script":">=1.0.0"},"devDependencies":{"expresso":">=0.6.0","seq":">=0.1.8","backbone":">=0.3.3"},"author":{"name":"James Halliday","email":"mail@substack.net","url":"http://substack.net"},"scripts":{"test":"expresso"},"license":"MIT/X11","engine":["node >=0.4.0"],"_id":"browserify@0.1.3","engines":{"node":"*"},"_engineSupported":true,"_npmVersion":"0.3.3","_nodeVersion":"v0.5.0-pre","files":[""],"_defaultsLoaded":true,"dist":{"shasum":"a8b8960fd5cbbaeb7dddc188f249a631c2e8a2c5","tarball":"http://registry.npmjs.org/browserify/-/browserify-0.1.3.tgz"}},"0.1.4":{"name":"browserify","version":"0.1.4","description":"Browser-side require() for js directories and npm modules","main":"./index.js","directories":{"example":"./examples"},"repository":{"type":"git","url":"git://github.com/substack/node-browserify.git"},"keywords":["browser","require","middleware","bundle","npm"],"dependencies":{"findit":">=0.0.1","source":">=0.0.3","es5-shim":">=1.0.0","coffee-script":">=1.0.0"},"devDependencies":{"expresso":">=0.6.0","seq":">=0.1.8","backbone":">=0.3.3"},"author":{"name":"James Halliday","email":"mail@substack.net","url":"http://substack.net"},"scripts":{"test":"expresso"},"license":"MIT/X11","engine":["node >=0.4.0"],"_id":"browserify@0.1.4","engines":{"node":"*"},"_engineSupported":true,"_npmVersion":"0.3.7","_nodeVersion":"v0.5.0-pre","files":[""],"_defaultsLoaded":true,"dist":{"shasum":"cf8a9cc30f71b049716faeefc12d2de197afdf4e","tarball":"http://registry.npmjs.org/browserify/-/browserify-0.1.4.tgz"}},"0.1.5":{"name":"browserify","version":"0.1.5","description":"Browser-side require() for js directories and npm modules","main":"./index.js","directories":{"example":"./examples"},"repository":{"type":"git","url":"git://github.com/substack/node-browserify.git"},"keywords":["browser","require","middleware","bundle","npm"],"dependencies":{"findit":">=0.0.1","source":">=0.0.3","es5-shim":">=1.0.0","coffee-script":">=1.0.0"},"devDependencies":{"expresso":">=0.6.0","seq":">=0.1.8","backbone":">=0.3.3"},"author":{"name":"James Halliday","email":"mail@substack.net","url":"http://substack.net"},"scripts":{"test":"expresso"},"license":"MIT/X11","engine":["node >=0.4.0"],"_id":"browserify@0.1.5","engines":{"node":"*"},"_engineSupported":true,"_npmVersion":"0.3.7","_nodeVersion":"v0.5.0-pre","files":[""],"_defaultsLoaded":true,"dist":{"shasum":"34464655d71c55897a13f5be6cadb32180f592cb","tarball":"http://registry.npmjs.org/browserify/-/browserify-0.1.5.tgz"}},"0.2.0":{"name":"browserify","version":"0.2.0","description":"Browser-side require() for js directories and npm modules","main":"./index.js","directories":{"example":"./examples"},"repository":{"type":"git","url":"git://github.com/substack/node-browserify.git"},"keywords":["browser","require","middleware","bundle","npm"],"dependencies":{"findit":">=0.0.3","source":">=0.0.3","es5-shim":">=1.0.0","coffee-script":">=1.0.0"},"devDependencies":{"expresso":">=0.6.0","seq":">=0.1.8","backbone":">=0.3.3"},"author":{"name":"James Halliday","email":"mail@substack.net","url":"http://substack.net"},"scripts":{"test":"expresso"},"license":"MIT/X11","engine":["node >=0.4.0"],"_id":"browserify@0.2.0","engines":{"node":"*"},"_engineSupported":true,"_npmVersion":"0.3.7","_nodeVersion":"v0.5.0-pre","files":[""],"_defaultsLoaded":true,"dist":{"shasum":"212bafa8cf9574cd0c9c8e2e2c846024b4714f01","tarball":"http://registry.npmjs.org/browserify/-/browserify-0.2.0.tgz"}},"0.2.1":{"name":"browserify","version":"0.2.1","description":"Browser-side require() for js directories and npm modules","main":"./index.js","directories":{"example":"./examples"},"repository":{"type":"git","url":"git://github.com/substack/node-browserify.git"},"keywords":["browser","require","middleware","bundle","npm"],"dependencies":{"findit":">=0.0.3","source":">=0.0.3","es5-shim":">=1.0.0","coffee-script":">=1.0.0"},"devDependencies":{"expresso":">=0.6.0","seq":">=0.1.8","backbone":">=0.3.3"},"author":{"name":"James Halliday","email":"mail@substack.net","url":"http://substack.net"},"scripts":{"test":"expresso"},"license":"MIT/X11","engine":["node >=0.4.0"],"_id":"browserify@0.2.1","engines":{"node":"*"},"_engineSupported":true,"_npmVersion":"0.3.7","_nodeVersion":"v0.5.0-pre","files":[""],"_defaultsLoaded":true,"dist":{"shasum":"eeb769bd5dfef07acfc5f4e40317a5664796bb5a","tarball":"http://registry.npmjs.org/browserify/-/browserify-0.2.1.tgz"}},"0.2.2":{"name":"browserify","version":"0.2.2","description":"Browser-side require() for js directories and npm modules","main":"./index.js","directories":{"example":"./examples"},"repository":{"type":"git","url":"git://github.com/substack/node-browserify.git"},"keywords":["browser","require","middleware","bundle","npm"],"dependencies":{"findit":">=0.0.3","source":">=0.0.3","es5-shim":">=1.0.0","coffee-script":">=1.0.0"},"devDependencies":{"expresso":">=0.6.0","seq":">=0.1.8","backbone":">=0.3.3"},"author":{"name":"James Halliday","email":"mail@substack.net","url":"http://substack.net"},"scripts":{"test":"expresso"},"license":"MIT/X11","engine":["node >=0.4.0"],"_id":"browserify@0.2.2","engines":{"node":"*"},"_engineSupported":true,"_npmVersion":"0.3.7","_nodeVersion":"v0.5.0-pre","files":[""],"_defaultsLoaded":true,"dist":{"shasum":"8fcaa3411298c94f6737b6f51f896f57e07f2436","tarball":"http://registry.npmjs.org/browserify/-/browserify-0.2.2.tgz"}},"0.2.3":{"name":"browserify","version":"0.2.3","description":"Browser-side require() for js directories and npm modules","main":"./index.js","directories":{"example":"./examples"},"repository":{"type":"git","url":"git://github.com/substack/node-browserify.git"},"keywords":["browser","require","middleware","bundle","npm"],"dependencies":{"findit":">=0.0.3","source":">=0.0.3","es5-shim":">=1.0.0","coffee-script":">=1.0.0"},"devDependencies":{"expresso":">=0.6.0","seq":">=0.1.8","backbone":">=0.3.3"},"author":{"name":"James Halliday","email":"mail@substack.net","url":"http://substack.net"},"scripts":{"test":"expresso"},"license":"MIT/X11","engine":["node >=0.4.0"],"_id":"browserify@0.2.3","engines":{"node":"*"},"_engineSupported":true,"_npmVersion":"0.3.7","_nodeVersion":"v0.5.0-pre","files":[""],"_defaultsLoaded":true,"dist":{"shasum":"cd8f0f3908b5fd12165082b481ed9845ebc59fd6","tarball":"http://registry.npmjs.org/browserify/-/browserify-0.2.3.tgz"}},"0.2.4":{"name":"browserify","version":"0.2.4","description":"Browser-side require() for js directories and npm modules","main":"./index.js","directories":{"example":"./examples"},"repository":{"type":"git","url":"git://github.com/substack/node-browserify.git"},"keywords":["browser","require","middleware","bundle","npm"],"dependencies":{"findit":">=0.0.3","source":">=0.0.3","es5-shim":">=1.0.0","coffee-script":">=1.0.0"},"devDependencies":{"connect":">=1.0.0","seq":">=0.1.8","traverse":">=0.3.1","backbone":">=0.3.3"},"author":{"name":"James Halliday","email":"mail@substack.net","url":"http://substack.net"},"scripts":{"test":"expresso"},"license":"MIT/X11","engine":["node >=0.4.0"],"_id":"browserify@0.2.4","engines":{"node":"*"},"_engineSupported":true,"_npmVersion":"0.3.15","_nodeVersion":"v0.4.2","files":[""],"_defaultsLoaded":true,"dist":{"shasum":"57c3ffcc3071d72a97789b55aca7c70a1ff4579e","tarball":"http://registry.npmjs.org/browserify/-/browserify-0.2.4.tgz"}},"0.2.5":{"name":"browserify","version":"0.2.5","description":"Browser-side require() for js directories and npm modules","main":"./index.js","directories":{"example":"./examples"},"repository":{"type":"git","url":"git://github.com/substack/node-browserify.git"},"keywords":["browser","require","middleware","bundle","npm"],"dependencies":{"findit":">=0.0.3","source":">=0.0.3","es5-shim":">=1.0.0","coffee-script":">=1.0.0"},"devDependencies":{"connect":">=1.0.0","seq":">=0.1.8","traverse":">=0.3.1","backbone":">=0.3.3"},"author":{"name":"James Halliday","email":"mail@substack.net","url":"http://substack.net"},"scripts":{"test":"expresso"},"license":"MIT/X11","engine":["node >=0.4.0"],"_id":"browserify@0.2.5","engines":{"node":"*"},"_engineSupported":true,"_npmVersion":"0.3.15","_nodeVersion":"v0.4.2","files":[""],"_defaultsLoaded":true,"dist":{"shasum":"bf38d5f4084dd965e540786325eb87d85e039d20","tarball":"http://registry.npmjs.org/browserify/-/browserify-0.2.5.tgz"}},"0.2.6":{"name":"browserify","version":"0.2.6","description":"Browser-side require() for js directories and npm modules","main":"./index.js","directories":{"example":"./examples"},"repository":{"type":"git","url":"git://github.com/substack/node-browserify.git"},"keywords":["browser","require","middleware","bundle","npm"],"dependencies":{"findit":">=0.0.3","source":">=0.0.3","es5-shim":">=1.0.0","coffee-script":">=1.0.0"},"devDependencies":{"connect":">=1.0.0","seq":">=0.1.8","traverse":">=0.3.1","backbone":">=0.3.3"},"author":{"name":"James Halliday","email":"mail@substack.net","url":"http://substack.net"},"scripts":{"test":"expresso"},"license":"MIT/X11","engine":["node >=0.4.0"],"_id":"browserify@0.2.6","engines":{"node":"*"},"_engineSupported":true,"_npmVersion":"0.3.15","_nodeVersion":"v0.4.2","files":[""],"_defaultsLoaded":true,"dist":{"shasum":"1efd2a754f6e20258d953b6d48b140a0304d65c0","tarball":"http://registry.npmjs.org/browserify/-/browserify-0.2.6.tgz"}},"0.2.7":{"name":"browserify","version":"0.2.7","description":"Browser-side require() for js directories and npm modules","main":"./index.js","directories":{"example":"./examples"},"repository":{"type":"git","url":"git://github.com/substack/node-browserify.git"},"keywords":["browser","require","middleware","bundle","npm","coffee","javascript"],"dependencies":{"findit":">=0.0.3","source":">=0.0.3","es5-shim":">=1.0.0","coffee-script":">=1.0.0","hashish":">=0.0.2"},"devDependencies":{"connect":">=1.0.0","seq":">=0.1.8","traverse":">=0.3.1","backbone":">=0.3.3"},"author":{"name":"James Halliday","email":"mail@substack.net","url":"http://substack.net"},"scripts":{"test":"expresso"},"license":"MIT/X11","engine":["node >=0.4.0"],"_id":"browserify@0.2.7","engines":{"node":"*"},"_engineSupported":true,"_npmVersion":"0.3.15","_nodeVersion":"v0.4.2","files":[""],"_defaultsLoaded":true,"dist":{"shasum":"1078e6cfbbafdbeaf21e523f73705487f20d8256","tarball":"http://registry.npmjs.org/browserify/-/browserify-0.2.7.tgz"}},"0.2.8":{"name":"browserify","version":"0.2.8","description":"Browser-side require() for js directories and npm modules","main":"./index.js","directories":{"example":"./examples"},"repository":{"type":"git","url":"git://github.com/substack/node-browserify.git"},"keywords":["browser","require","middleware","bundle","npm","coffee","javascript"],"dependencies":{"findit":">=0.0.3","source":">=0.0.3","es5-shim":">=1.0.0","coffee-script":">=1.0.0","hashish":">=0.0.2"},"devDependencies":{"connect":">=1.0.0","seq":">=0.1.8","traverse":">=0.3.1","backbone":">=0.3.3"},"author":{"name":"James Halliday","email":"mail@substack.net","url":"http://substack.net"},"scripts":{"test":"expresso"},"license":"MIT/X11","engine":["node >=0.4.0"],"_id":"browserify@0.2.8","engines":{"node":"*"},"_engineSupported":true,"_npmVersion":"0.3.15","_nodeVersion":"v0.4.2","files":[""],"_defaultsLoaded":true,"dist":{"shasum":"261765f7997cb5e58a27a3798d66a41f5a8d75bb","tarball":"http://registry.npmjs.org/browserify/-/browserify-0.2.8.tgz"}},"0.2.9":{"name":"browserify","version":"0.2.9","description":"Browser-side require() for js directories and npm modules","main":"./index.js","directories":{"example":"./examples"},"repository":{"type":"git","url":"git://github.com/substack/node-browserify.git"},"keywords":["browser","require","middleware","bundle","npm","coffee","javascript"],"dependencies":{"findit":">=0.0.3","source":">=0.0.3","es5-shim":">=1.0.0","coffee-script":">=1.0.0","hashish":">=0.0.2"},"devDependencies":{"connect":">=1.0.0","seq":">=0.1.8","traverse":">=0.3.1","backbone":">=0.3.3","dnode":">=0.6.2"},"author":{"name":"James Halliday","email":"mail@substack.net","url":"http://substack.net"},"scripts":{"test":"expresso"},"license":"MIT/X11","engine":["node >=0.4.0"],"_id":"browserify@0.2.9","engines":{"node":"*"},"_engineSupported":true,"_npmVersion":"0.3.15","_nodeVersion":"v0.4.2","files":[""],"_defaultsLoaded":true,"dist":{"shasum":"e4945cc3e5dbc56c85f30fd17b8c9cbb72a23b96","tarball":"http://registry.npmjs.org/browserify/-/browserify-0.2.9.tgz"}},"0.2.10":{"name":"browserify","version":"0.2.10","description":"Browser-side require() for js directories and npm modules","main":"./index.js","directories":{"example":"./examples"},"repository":{"type":"git","url":"git://github.com/substack/node-browserify.git"},"keywords":["browser","require","middleware","bundle","npm","coffee","javascript"],"dependencies":{"findit":">=0.0.3","source":">=0.0.3","es5-shim":">=1.0.0","coffee-script":">=1.0.0","hashish":">=0.0.2"},"devDependencies":{"connect":">=1.0.0","seq":">=0.1.8","traverse":">=0.3.1","backbone":">=0.3.3","dnode":">=0.6.2"},"author":{"name":"James Halliday","email":"mail@substack.net","url":"http://substack.net"},"scripts":{"test":"expresso"},"license":"MIT/X11","engine":{"node":">=0.4.0"},"_id":"browserify@0.2.10","engines":{"node":"*"},"_engineSupported":true,"_npmVersion":"0.3.15","_nodeVersion":"v0.4.2","files":[""],"_defaultsLoaded":true,"dist":{"shasum":"1a7bd2a49538358337c5aa2a66e52d2e2aeea82d","tarball":"http://registry.npmjs.org/browserify/-/browserify-0.2.10.tgz"}},"0.2.11":{"name":"browserify","version":"0.2.11","description":"Browser-side require() for js directories and npm modules","main":"./index.js","directories":{"example":"./examples"},"repository":{"type":"git","url":"git://github.com/substack/node-browserify.git"},"keywords":["browser","require","middleware","bundle","npm","coffee","javascript"],"dependencies":{"findit":">=0.0.3","source":">=0.0.3","es5-shim":">=1.0.0","coffee-script":">=1.0.0","hashish":">=0.0.2"},"devDependencies":{"connect":">=1.0.0","seq":">=0.1.8","traverse":">=0.3.1","backbone":">=0.3.3","dnode":">=0.6.2"},"author":{"name":"James Halliday","email":"mail@substack.net","url":"http://substack.net"},"scripts":{"test":"expresso"},"license":"MIT/X11","engine":{"node":">=0.4.0"},"_id":"browserify@0.2.11","engines":{"node":"*"},"_engineSupported":true,"_npmVersion":"0.3.15","_nodeVersion":"v0.4.2","files":[""],"_defaultsLoaded":true,"dist":{"shasum":"cd1336a2b6d73f2a9d201c6d629d9e427ef1a8eb","tarball":"http://registry.npmjs.org/browserify/-/browserify-0.2.11.tgz"}},"0.3.0":{"name":"browserify","version":"0.3.0","description":"Browser-side require() for js directories and npm modules","main":"./index.js","directories":{"example":"./examples"},"repository":{"type":"git","url":"git://github.com/substack/node-browserify.git"},"keywords":["browser","require","middleware","bundle","npm","coffee","javascript"],"dependencies":{"findit":">=0.0.3","source":">=0.0.3","es5-shim":">=1.0.0","coffee-script":">=1.0.0","hashish":">=0.0.2"},"devDependencies":{"connect":">=1.0.0","seq":">=0.1.8","traverse":">=0.3.1","backbone":">=0.3.3","dnode":">=0.6.2"},"author":{"name":"James Halliday","email":"mail@substack.net","url":"http://substack.net"},"scripts":{"test":"expresso"},"license":"MIT/X11","engine":{"node":">=0.4.0"},"_id":"browserify@0.3.0","engines":{"node":"*"},"_engineSupported":true,"_npmVersion":"0.3.15","_nodeVersion":"v0.4.2","files":[""],"_defaultsLoaded":true,"dist":{"shasum":"32ddfbb2b467e9af1b1aade67a533da678a36aef","tarball":"http://registry.npmjs.org/browserify/-/browserify-0.3.0.tgz"}},"0.3.1":{"name":"browserify","version":"0.3.1","description":"Browser-side require() for js directories and npm modules","main":"./index.js","directories":{"example":"./examples"},"repository":{"type":"git","url":"git://github.com/substack/node-browserify.git"},"keywords":["browser","require","middleware","bundle","npm","coffee","javascript"],"dependencies":{"findit":">=0.0.3","source":">=0.0.3","es5-shim":">=1.0.0","coffee-script":">=1.0.0","hashish":">=0.0.2"},"devDependencies":{"connect":">=1.0.0","seq":">=0.1.8","traverse":">=0.3.1","backbone":">=0.3.3","dnode":">=0.6.2"},"author":{"name":"James Halliday","email":"mail@substack.net","url":"http://substack.net"},"scripts":{"test":"expresso"},"license":"MIT/X11","engine":{"node":">=0.4.0"},"_id":"browserify@0.3.1","engines":{"node":"*"},"_engineSupported":true,"_npmVersion":"0.3.18","_nodeVersion":"v0.4.2","files":[""],"_defaultsLoaded":true,"dist":{"shasum":"71878b037bfb4dec67df82715f78cc23560ea0bd","tarball":"http://registry.npmjs.org/browserify/-/browserify-0.3.1.tgz"}},"0.3.2":{"name":"browserify","version":"0.3.2","description":"Browser-side require() for js directories and npm modules","main":"./index.js","directories":{"example":"./examples"},"repository":{"type":"git","url":"git://github.com/substack/node-browserify.git"},"keywords":["browser","require","middleware","bundle","npm","coffee","javascript"],"dependencies":{"findit":">=0.0.3","source":">=0.0.3","es5-shim":">=1.0.0","coffee-script":">=1.0.0","hashish":">=0.0.2"},"devDependencies":{"connect":">=1.0.0","seq":">=0.1.8","traverse":">=0.3.1","backbone":">=0.3.3","dnode":">=0.6.2"},"author":{"name":"James Halliday","email":"mail@substack.net","url":"http://substack.net"},"scripts":{"test":"expresso"},"license":"MIT/X11","engine":{"node":">=0.4.0"},"_id":"browserify@0.3.2","engines":{"node":"*"},"_engineSupported":true,"_npmVersion":"1.0.1rc9","_nodeVersion":"v0.5.0-pre","_defaultsLoaded":true,"dist":{"shasum":"e2b91efd2f487363a08bf1986c3aa45386fd3c8c","tarball":"http://registry.npmjs.org/browserify/-/browserify-0.3.2.tgz"}},"0.3.3":{"name":"browserify","version":"0.3.3","description":"Browser-side require() for js directories and npm modules","main":"./index.js","directories":{"example":"./examples"},"repository":{"type":"git","url":"git://github.com/substack/node-browserify.git"},"keywords":["browser","require","middleware","bundle","npm","coffee","javascript"],"dependencies":{"findit":">=0.0.3","source":">=0.0.3","es5-shim":">=1.0.0","coffee-script":">=1.0.0","hashish":">=0.0.2"},"devDependencies":{"connect":">=1.0.0","seq":">=0.1.8","traverse":">=0.3.1","backbone":">=0.3.3","dnode":">=0.6.2"},"author":{"name":"James Halliday","email":"mail@substack.net","url":"http://substack.net"},"scripts":{"test":"expresso"},"license":"MIT/X11","engine":{"node":">=0.4.0"},"_id":"browserify@0.3.3","engines":{"node":"*"},"_engineSupported":true,"_npmVersion":"1.0.1rc9","_nodeVersion":"v0.5.0-pre","_defaultsLoaded":true,"dist":{"shasum":"53fc53b044fbb5a8bf3f9f628d77f5dc148eee88","tarball":"http://registry.npmjs.org/browserify/-/browserify-0.3.3.tgz"}},"0.3.4":{"name":"browserify","version":"0.3.4","description":"Browser-side require() for js directories and npm modules","main":"./index.js","directories":{"example":"./examples"},"repository":{"type":"git","url":"git://github.com/substack/node-browserify.git"},"keywords":["browser","require","middleware","bundle","npm","coffee","javascript"],"dependencies":{"findit":">=0.0.3","source":">=0.0.3","es5-shim":">=1.0.0","coffee-script":">=1.0.0","hashish":">=0.0.2"},"devDependencies":{"connect":">=1.0.0","seq":">=0.1.8","traverse":">=0.3.1","backbone":">=0.3.3","dnode":">=0.6.2"},"author":{"name":"James Halliday","email":"mail@substack.net","url":"http://substack.net"},"scripts":{"test":"expresso"},"license":"MIT/X11","engine":{"node":">=0.4.0"},"_id":"browserify@0.3.4","engines":{"node":"*"},"_engineSupported":true,"_npmVersion":"1.0.1rc9","_nodeVersion":"v0.5.0-pre","_defaultsLoaded":true,"dist":{"shasum":"7aa6e423eb1b1202a099b257cb32c92b45d96dc3","tarball":"http://registry.npmjs.org/browserify/-/browserify-0.3.4.tgz"}},"0.3.5":{"name":"browserify","version":"0.3.5","description":"Browser-side require() for js directories and npm modules","main":"./index.js","directories":{"example":"./examples"},"repository":{"type":"git","url":"git://github.com/substack/node-browserify.git"},"keywords":["browser","require","middleware","bundle","npm","coffee","javascript"],"dependencies":{"findit":">=0.0.3","source":">=0.0.3","es5-shim":">=1.0.0","coffee-script":">=1.0.0","hashish":">=0.0.2"},"devDependencies":{"connect":">=1.0.0","seq":">=0.1.8","traverse":">=0.3.1","backbone":">=0.3.3","dnode":">=0.6.2"},"author":{"name":"James Halliday","email":"mail@substack.net","url":"http://substack.net"},"scripts":{"test":"expresso"},"license":"MIT/X11","engine":{"node":">=0.4.0"},"_id":"browserify@0.3.5","engines":{"node":"*"},"_engineSupported":true,"_npmVersion":"1.0.1rc9","_nodeVersion":"v0.5.0-pre","_defaultsLoaded":true,"dist":{"shasum":"a34a042dd6a009e7ad80b1088789b913a9647452","tarball":"http://registry.npmjs.org/browserify/-/browserify-0.3.5.tgz"}},"0.3.6":{"name":"browserify","version":"0.3.6","description":"Browser-side require() for js directories and npm modules","main":"./index.js","directories":{"example":"./examples"},"repository":{"type":"git","url":"git://github.com/substack/node-browserify.git"},"keywords":["browser","require","middleware","bundle","npm","coffee","javascript"],"dependencies":{"findit":">=0.0.3","source":">=0.0.3","es5-shim":">=1.0.0","coffee-script":">=1.0.0","hashish":">=0.0.2"},"devDependencies":{"connect":">=1.0.0","seq":">=0.1.8","traverse":">=0.3.1","backbone":">=0.3.3","dnode":">=0.6.2"},"author":{"name":"James Halliday","email":"mail@substack.net","url":"http://substack.net"},"scripts":{"test":"expresso"},"license":"MIT/X11","engine":{"node":">=0.4.0"},"_id":"browserify@0.3.6","engines":{"node":"*"},"_engineSupported":true,"_npmVersion":"1.0.1rc9","_nodeVersion":"v0.5.0-pre","_defaultsLoaded":true,"dist":{"shasum":"9b4ce54ad68837b9c41462ed4cbd5f8a4b175e47","tarball":"http://registry.npmjs.org/browserify/-/browserify-0.3.6.tgz"}},"0.3.7":{"name":"browserify","version":"0.3.7","description":"Browser-side require() for js directories and npm modules","main":"./index.js","directories":{"example":"./examples"},"repository":{"type":"git","url":"git://github.com/substack/node-browserify.git"},"keywords":["browser","require","middleware","bundle","npm","coffee","javascript"],"dependencies":{"findit":">=0.0.3","source":">=0.0.3","es5-shim":">=1.0.0","coffee-script":">=1.0.0","hashish":">=0.0.2"},"devDependencies":{"connect":">=1.0.0","seq":">=0.1.8","traverse":">=0.3.1","backbone":">=0.3.3","dnode":">=0.6.2"},"author":{"name":"James Halliday","email":"mail@substack.net","url":"http://substack.net"},"scripts":{"test":"expresso"},"license":"MIT/X11","engine":{"node":">=0.4.0"},"_id":"browserify@0.3.7","engines":{"node":"*"},"_engineSupported":true,"_npmVersion":"1.0.3","_nodeVersion":"v0.5.0-pre","_defaultsLoaded":true,"dist":{"shasum":"e8c33fc5868eb69a8fdd957b1d5b562326092fb0","tarball":"http://registry.npmjs.org/browserify/-/browserify-0.3.7.tgz"}},"0.4.0":{"name":"browserify","version":"0.4.0","description":"Browser-side require() for js directories and npm modules","main":"./index.js","directories":{"example":"./examples"},"repository":{"type":"git","url":"git://github.com/substack/node-browserify.git"},"keywords":["browser","require","middleware","bundle","npm","coffee","javascript"],"dependencies":{"findit":">=0.0.3 <0.1","source":">=0.0.3 <0.1","es5-shim":">=1.0.0","coffee-script":">=1.1.1 <1.2","hashish":">=0.0.2"},"devDependencies":{"connect":">=1.4.1 <1.5","seq":">=0.2.5 <0.3","traverse":">=0.3.1 <0.4","backbone":">=0.3.3","dnode":">=0.6.2"},"author":{"name":"James Halliday","email":"mail@substack.net","url":"http://substack.net"},"scripts":{"test":"expresso"},"license":"MIT/X11","engine":{"node":">=0.4.0"},"_id":"browserify@0.4.0","engines":{"node":"*"},"_engineSupported":true,"_npmVersion":"1.0.3","_nodeVersion":"v0.5.0-pre","_defaultsLoaded":true,"dist":{"shasum":"86bd2120238d72a954a4008c34b318afdae027bb","tarball":"http://registry.npmjs.org/browserify/-/browserify-0.4.0.tgz"}},"0.4.1":{"name":"browserify","version":"0.4.1","description":"Browser-side require() for js directories and npm modules","main":"./index.js","directories":{"example":"./examples"},"repository":{"type":"git","url":"git://github.com/substack/node-browserify.git"},"keywords":["browser","require","middleware","bundle","npm","coffee","javascript"],"dependencies":{"findit":">=0.0.3 <0.1","source":">=0.0.3 <0.1","es5-shim":">=1.0.0","coffee-script":">=1.1.1 <1.2","hashish":">=0.0.2"},"devDependencies":{"connect":">=1.4.1 <1.5","seq":">=0.2.5 <0.3","traverse":">=0.3.1 <0.4","backbone":">=0.3.3","dnode":">=0.6.2"},"author":{"name":"James Halliday","email":"mail@substack.net","url":"http://substack.net"},"scripts":{"test":"expresso"},"license":"MIT/X11","engine":{"node":">=0.4.0"},"_id":"browserify@0.4.1","engines":{"node":"*"},"_engineSupported":true,"_npmVersion":"1.0.3","_nodeVersion":"v0.5.0-pre","_defaultsLoaded":true,"dist":{"shasum":"f2a52484b57aa1412dcc79e52b901f3c2d5f434e","tarball":"http://registry.npmjs.org/browserify/-/browserify-0.4.1.tgz"}},"0.4.2":{"name":"browserify","version":"0.4.2","description":"Browser-side require() for js directories and npm modules","main":"./index.js","directories":{"example":"./exampl
150 error registry error parsing json
151 verbose headers { server: 'CouchDB/1.5.0 (Erlang OTP/R16B03)',
151 verbose headers   etag: '"1OYDNLN4YSX48HQLUTRGWR8BG"',
151 verbose headers   'content-type': 'application/json',
151 verbose headers   'cache-control': 'max-age=60',
151 verbose headers   'content-length': '837603',
151 verbose headers   'accept-ranges': 'bytes',
151 verbose headers   date: 'Sat, 29 Aug 2015 10:58:38 GMT',
151 verbose headers   via: '1.1 varnish',
151 verbose headers   age: '14',
151 verbose headers   connection: 'keep-alive',
151 verbose headers   'x-served-by': 'cache-fra1222-FRA',
151 verbose headers   'x-cache': 'HIT',
151 verbose headers   'x-cache-hits': '1',
151 verbose headers   'x-timer': 'S1440845918.296954,VS0,VE3',
151 verbose headers   vary: 'Accept' }
152 silly registry.get cb [ 200,
152 silly registry.get   { server: 'CouchDB/1.5.0 (Erlang OTP/R16B03)',
152 silly registry.get     etag: '"1OYDNLN4YSX48HQLUTRGWR8BG"',
152 silly registry.get     'content-type': 'application/json',
152 silly registry.get     'cache-control': 'max-age=60',
152 silly registry.get     'content-length': '837603',
152 silly registry.get     'accept-ranges': 'bytes',
152 silly registry.get     date: 'Sat, 29 Aug 2015 10:58:38 GMT',
152 silly registry.get     via: '1.1 varnish',
152 silly registry.get     age: '14',
152 silly registry.get     connection: 'keep-alive',
152 silly registry.get     'x-served-by': 'cache-fra1222-FRA',
152 silly registry.get     'x-cache': 'HIT',
152 silly registry.get     'x-cache-hits': '1',
152 silly registry.get     'x-timer': 'S1440845918.296954,VS0,VE3',
152 silly registry.get     vary: 'Accept' } ]
153 silly lockFile e3dbc5fc-browserify-11-0-1 browserify@^11.0.1
154 silly lockFile e3dbc5fc-browserify-11-0-1 browserify@^11.0.1
155 error SyntaxError: Unexpected end of input
155 error {"_id":"browserify","_rev":"1433-150f6dae499b7062a27116f7ea494f73","name":"browserify","description":"browser-side require() the node way","dist-tags":{"latest":"11.0.1"},"versions":{"0.0.1":{"name":"browserify","version":"0.0.1","description":"Browser-side require() for js directories and npm modules","main":"./index","repository":{"type":"git","url":"http://github.com/substack/node-browserify.git"},"keywords":["browser","require","middleware","npm"],"dependencies":{"findit":">=0.0.1","npm":">=0.2.16"},"author":{"name":"James Halliday","email":"mail@substack.net","url":"http://substack.net"},"license":"MIT/X11","engine":["node >=0.2.0"],"_id":"browserify@0.0.1","engines":{"node":"*"},"_engineSupported":true,"_npmVersion":"0.2.16","_nodeVersion":"v0.3.8-pre","directories":{},"files":[""],"_defaultsLoaded":true,"dist":{"shasum":"d3f2e476a7c91ee4664a77d92a88328f16a4b51c","tarball":"http://registry.npmjs.org/browserify/-/browserify-0.0.1.tgz"}},"0.0.2":{"name":"browserify","version":"0.0.2","description":"Browser-side require() for js directories and npm modules","main":"./index","repository":{"type":"git","url":"http://github.com/substack/node-browserify.git"},"keywords":["browser","require","middleware","npm"],"dependencies":{"findit":">=0.0.1","npm":">=0.2.16"},"author":{"name":"James Halliday","email":"mail@substack.net","url":"http://substack.net"},"license":"MIT/X11","engine":["node >=0.3.0"],"_id":"browserify@0.0.2","engines":{"node":"*"},"_engineSupported":true,"_npmVersion":"0.2.16","_nodeVersion":"v0.3.8-pre","directories":{},"files":[""],"_defaultsLoaded":true,"dist":{"shasum":"c93d7d08f3c5acd570d2895d6c83093154afce3e","tarball":"http://registry.npmjs.org/browserify/-/browserify-0.0.2.tgz"}},"0.0.3":{"name":"browserify","version":"0.0.3","description":"Browser-side require() for js directories and npm modules","main":"./index","repository":{"type":"git","url":"http://github.com/substack/node-browserify.git"},"keywords":["browser","require","middleware","npm"],"dependencies":{"findit":">=0.0.1","npm":">=0.2.16"},"author":{"name":"James Halliday","email":"mail@substack.net","url":"http://substack.net"},"license":"MIT/X11","engine":["node >=0.3.0"],"_id":"browserify@0.0.3","engines":{"node":"*"},"_engineSupported":true,"_npmVersion":"0.2.18","_nodeVersion":"v0.3.8-pre","directories":{},"files":[""],"_defaultsLoaded":true,"dist":{"shasum":"e05a0a029a413378439e90559efdbc47c55e4c3e","tarball":"http://registry.npmjs.org/browserify/-/browserify-0.0.3.tgz"}},"0.0.4":{"name":"browserify","version":"0.0.4","description":"Browser-side require() for js directories and npm modules","main":"./index","repository":{"type":"git","url":"http://github.com/substack/node-browserify.git"},"keywords":["browser","require","middleware","npm"],"dependencies":{"findit":">=0.0.1","npm":">=0.2.16","es5-shim":">=1.0.0"},"author":{"name":"James Halliday","email":"mail@substack.net","url":"http://substack.net"},"license":"MIT/X11","engine":["node >=0.3.0"],"_id":"browserify@0.0.4","engines":{"node":"*"},"_engineSupported":true,"_npmVersion":"0.2.18","_nodeVersion":"v0.3.8-pre","directories":{},"files":[""],"_defaultsLoaded":true,"dist":{"shasum":"24c86b71754f9091d4b7fe68151ab5ad1296083a","tarball":"http://registry.npmjs.org/browserify/-/browserify-0.0.4.tgz"}},"0.0.5":{"name":"browserify","version":"0.0.5","description":"Browser-side require() for js directories and npm modules","main":"./index","repository":{"type":"git","url":"http://github.com/substack/node-browserify.git"},"keywords":["browser","require","middleware","npm"],"dependencies":{"findit":">=0.0.1","npm":">=0.2.16","es5-shim":">=1.0.0","coffee-script":">=1.0.0"},"author":{"name":"James Halliday","email":"mail@substack.net","url":"http://substack.net"},"license":"MIT/X11","engine":["node >=0.3.0"],"_id":"browserify@0.0.5","engines":{"node":"*"},"_engineSupported":true,"_npmVersion":"0.2.18","_nodeVersion":"v0.3.8-pre","directories":{},"files":[""],"_defaultsLoaded":true,"dist":{"shasum":"7a69b80ff5e5ffb2c291737f61a2b1d25e741b3e","tarball":"http://registry.npmjs.org/browserify/-/browserify-0.0.5.tgz"}},"0.1.0":{"name":"browserify","version":"0.1.0","description":"Browser-side require() for js directories and npm modules","main":"./index.js","directories":{"example":"./examples"},"repository":{"type":"git","url":"git://github.com/substack/node-browserify.git"},"keywords":["browser","require","middleware","npm"],"dependencies":{"findit":">=0.0.1","source":">=0.0.1","es5-shim":">=1.0.0","coffee-script":">=1.0.0"},"devDependencies":{"expresso":">=0.6.0","seq":">=0.1.8"},"author":{"name":"James Halliday","email":"mail@substack.net","url":"http://substack.net"},"scripts":{"test":"expresso"},"license":"MIT/X11","engine":["node >=0.4.0"],"_id":"browserify@0.1.0","engines":{"node":"*"},"_engineSupported":true,"_npmVersion":"0.3.3","_nodeVersion":"v0.5.0-pre","files":[""],"_defaultsLoaded":true,"dist":{"shasum":"8393d4967771d499587b255b6ab0badd91958849","tarball":"http://registry.npmjs.org/browserify/-/browserify-0.1.0.tgz"}},"0.1.1":{"name":"browserify","version":"0.1.1","description":"Browser-side require() for js directories and npm modules","main":"./index.js","directories":{"example":"./examples"},"repository":{"type":"git","url":"git://github.com/substack/node-browserify.git"},"keywords":["browser","require","middleware","npm"],"dependencies":{"findit":">=0.0.1","source":">=0.0.1","es5-shim":">=1.0.0","coffee-script":">=1.0.0"},"devDependencies":{"expresso":">=0.6.0","seq":">=0.1.8"},"author":{"name":"James Halliday","email":"mail@substack.net","url":"http://substack.net"},"scripts":{"test":"expresso"},"license":"MIT/X11","engine":["node >=0.4.0"],"_id":"browserify@0.1.1","engines":{"node":"*"},"_engineSupported":true,"_npmVersion":"0.3.3","_nodeVersion":"v0.5.0-pre","files":[""],"_defaultsLoaded":true,"dist":{"shasum":"e52e2b5ea18823f63b4eb30afbfc246bea4fbe79","tarball":"http://registry.npmjs.org/browserify/-/browserify-0.1.1.tgz"}},"0.1.2":{"name":"browserify","version":"0.1.2","description":"Browser-side require() for js directories and npm modules","main":"./index.js","directories":{"example":"./examples"},"repository":{"type":"git","url":"git://github.com/substack/node-browserify.git"},"keywords":["browser","require","middleware","bundle","npm"],"dependencies":{"findit":">=0.0.1","source":">=0.0.1","es5-shim":">=1.0.0","coffee-script":">=1.0.0"},"devDependencies":{"expresso":">=0.6.0","seq":">=0.1.8","backbone":">=0.3.3"},"author":{"name":"James Halliday","email":"mail@substack.net","url":"http://substack.net"},"scripts":{"test":"expresso"},"license":"MIT/X11","engine":["node >=0.4.0"],"_id":"browserify@0.1.2","engines":{"node":"*"},"_engineSupported":true,"_npmVersion":"0.3.3","_nodeVersion":"v0.5.0-pre","files":[""],"_defaultsLoaded":true,"dist":{"shasum":"f8e9c1988f7c2db75c1d1148cf3d169deb7515fe","tarball":"http://registry.npmjs.org/browserify/-/browserify-0.1.2.tgz"}},"0.1.3":{"name":"browserify","version":"0.1.3","description":"Browser-side require() for js directories and npm modules","main":"./index.js","directories":{"example":"./examples"},"repository":{"type":"git","url":"git://github.com/substack/node-browserify.git"},"keywords":["browser","require","middleware","bundle","npm"],"dependencies":{"findit":">=0.0.1","source":">=0.0.3","es5-shim":">=1.0.0","coffee-script":">=1.0.0"},"devDependencies":{"expresso":">=0.6.0","seq":">=0.1.8","backbone":">=0.3.3"},"author":{"name":"James Halliday","email":"mail@substack.net","url":"http://substack.net"},"scripts":{"test":"expresso"},"license":"MIT/X11","engine":["node >=0.4.0"],"_id":"browserify@0.1.3","engines":{"node":"*"},"_engineSupported":true,"_npmVersion":"0.3.3","_nodeVersion":"v0.5.0-pre","files":[""],"_defaultsLoaded":true,"dist":{"shasum":"a8b8960fd5cbbaeb7dddc188f249a631c2e8a2c5","tarball":"http://registry.npmjs.org/browserify/-/browserify-0.1.3.tgz"}},"0.1.4":{"name":"browserify","version":"0.1.4","description":"Browser-side require() for js directories and npm modules","main":"./index.js","directories":{"example":"./examples"},"repository":{"type":"git","url":"git://github.com/substack/node-browserify.git"},"keywords":["browser","require","middleware","bundle","npm"],"dependencies":{"findit":">=0.0.1","source":">=0.0.3","es5-shim":">=1.0.0","coffee-script":">=1.0.0"},"devDependencies":{"expresso":">=0.6.0","seq":">=0.1.8","backbone":">=0.3.3"},"author":{"name":"James Halliday","email":"mail@substack.net","url":"http://substack.net"},"scripts":{"test":"expresso"},"license":"MIT/X11","engine":["node >=0.4.0"],"_id":"browserify@0.1.4","engines":{"node":"*"},"_engineSupported":true,"_npmVersion":"0.3.7","_nodeVersion":"v0.5.0-pre","files":[""],"_defaultsLoaded":true,"dist":{"shasum":"cf8a9cc30f71b049716faeefc12d2de197afdf4e","tarball":"http://registry.npmjs.org/browserify/-/browserify-0.1.4.tgz"}},"0.1.5":{"name":"browserify","version":"0.1.5","description":"Browser-side require() for js directories and npm modules","main":"./index.js","directories":{"example":"./examples"},"repository":{"type":"git","url":"git://github.com/substack/node-browserify.git"},"keywords":["browser","require","middleware","bundle","npm"],"dependencies":{"findit":">=0.0.1","source":">=0.0.3","es5-shim":">=1.0.0","coffee-script":">=1.0.0"},"devDependencies":{"expresso":">=0.6.0","seq":">=0.1.8","backbone":">=0.3.3"},"author":{"name":"James Halliday","email":"mail@substack.net","url":"http://substack.net"},"scripts":{"test":"expresso"},"license":"MIT/X11","engine":["node >=0.4.0"],"_id":"browserify@0.1.5","engines":{"node":"*"},"_engineSupported":true,"_npmVersion":"0.3.7","_nodeVersion":"v0.5.0-pre","files":[""],"_defaultsLoaded":true,"dist":{"shasum":"34464655d71c55897a13f5be6cadb32180f592cb","tarball":"http://registry.npmjs.org/browserify/-/browserify-0.1.5.tgz"}},"0.2.0":{"name":"browserify","version":"0.2.0","description":"Browser-side require() for js directories and npm modules","main":"./index.js","directories":{"example":"./examples"},"repository":{"type":"git","url":"git://github.com/substack/node-browserify.git"},"keywords":["browser","require","middleware","bundle","npm"],"dependencies":{"findit":">=0.0.3","source":">=0.0.3","es5-shim":">=1.0.0","coffee-script":">=1.0.0"},"devDependencies":{"expresso":">=0.6.0","seq":">=0.1.8","backbone":">=0.3.3"},"author":{"name":"James Halliday","email":"mail@substack.net","url":"http://substack.net"},"scripts":{"test":"expresso"},"license":"MIT/X11","engine":["node >=0.4.0"],"_id":"browserify@0.2.0","engines":{"node":"*"},"_engineSupported":true,"_npmVersion":"0.3.7","_nodeVersion":"v0.5.0-pre","files":[""],"_defaultsLoaded":true,"dist":{"shasum":"212bafa8cf9574cd0c9c8e2e2c846024b4714f01","tarball":"http://registry.npmjs.org/browserify/-/browserify-0.2.0.tgz"}},"0.2.1":{"name":"browserify","version":"0.2.1","description":"Browser-side require() for js directories and npm modules","main":"./index.js","directories":{"example":"./examples"},"repository":{"type":"git","url":"git://github.com/substack/node-browserify.git"},"keywords":["browser","require","middleware","bundle","npm"],"dependencies":{"findit":">=0.0.3","source":">=0.0.3","es5-shim":">=1.0.0","coffee-script":">=1.0.0"},"devDependencies":{"expresso":">=0.6.0","seq":">=0.1.8","backbone":">=0.3.3"},"author":{"name":"James Halliday","email":"mail@substack.net","url":"http://substack.net"},"scripts":{"test":"expresso"},"license":"MIT/X11","engine":["node >=0.4.0"],"_id":"browserify@0.2.1","engines":{"node":"*"},"_engineSupported":true,"_npmVersion":"0.3.7","_nodeVersion":"v0.5.0-pre","files":[""],"_defaultsLoaded":true,"dist":{"shasum":"eeb769bd5dfef07acfc5f4e40317a5664796bb5a","tarball":"http://registry.npmjs.org/browserify/-/browserify-0.2.1.tgz"}},"0.2.2":{"name":"browserify","version":"0.2.2","description":"Browser-side require() for js directories and npm modules","main":"./index.js","directories":{"example":"./examples"},"repository":{"type":"git","url":"git://github.com/substack/node-browserify.git"},"keywords":["browser","require","middleware","bundle","npm"],"dependencies":{"findit":">=0.0.3","source":">=0.0.3","es5-shim":">=1.0.0","coffee-script":">=1.0.0"},"devDependencies":{"expresso":">=0.6.0","seq":">=0.1.8","backbone":">=0.3.3"},"author":{"name":"James Halliday","email":"mail@substack.net","url":"http://substack.net"},"scripts":{"test":"expresso"},"license":"MIT/X11","engine":["node >=0.4.0"],"_id":"browserify@0.2.2","engines":{"node":"*"},"_engineSupported":true,"_npmVersion":"0.3.7","_nodeVersion":"v0.5.0-pre","files":[""],"_defaultsLoaded":true,"dist":{"shasum":"8fcaa3411298c94f6737b6f51f896f57e07f2436","tarball":"http://registry.npmjs.org/browserify/-/browserify-0.2.2.tgz"}},"0.2.3":{"name":"browserify","version":"0.2.3","description":"Browser-side require() for js directories and npm modules","main":"./index.js","directories":{"example":"./examples"},"repository":{"type":"git","url":"git://github.com/substack/node-browserify.git"},"keywords":["browser","require","middleware","bundle","npm"],"dependencies":{"findit":">=0.0.3","source":">=0.0.3","es5-shim":">=1.0.0","coffee-script":">=1.0.0"},"devDependencies":{"expresso":">=0.6.0","seq":">=0.1.8","backbone":">=0.3.3"},"author":{"name":"James Halliday","email":"mail@substack.net","url":"http://substack.net"},"scripts":{"test":"expresso"},"license":"MIT/X11","engine":["node >=0.4.0"],"_id":"browserify@0.2.3","engines":{"node":"*"},"_engineSupported":true,"_npmVersion":"0.3.7","_nodeVersion":"v0.5.0-pre","files":[""],"_defaultsLoaded":true,"dist":{"shasum":"cd8f0f3908b5fd12165082b481ed9845ebc59fd6","tarball":"http://registry.npmjs.org/browserify/-/browserify-0.2.3.tgz"}},"0.2.4":{"name":"browserify","version":"0.2.4","description":"Browser-side require() for js directories and npm modules","main":"./index.js","directories":{"example":"./examples"},"repository":{"type":"git","url":"git://github.com/substack/node-browserify.git"},"keywords":["browser","require","middleware","bundle","npm"],"dependencies":{"findit":">=0.0.3","source":">=0.0.3","es5-shim":">=1.0.0","coffee-script":">=1.0.0"},"devDependencies":{"connect":">=1.0.0","seq":">=0.1.8","traverse":">=0.3.1","backbone":">=0.3.3"},"author":{"name":"James Halliday","email":"mail@substack.net","url":"http://substack.net"},"scripts":{"test":"expresso"},"license":"MIT/X11","engine":["node >=0.4.0"],"_id":"browserify@0.2.4","engines":{"node":"*"},"_engineSupported":true,"_npmVersion":"0.3.15","_nodeVersion":"v0.4.2","files":[""],"_defaultsLoaded":true,"dist":{"shasum":"57c3ffcc3071d72a97789b55aca7c70a1ff4579e","tarball":"http://registry.npmjs.org/browserify/-/browserify-0.2.4.tgz"}},"0.2.5":{"name":"browserify","version":"0.2.5","description":"Browser-side require() for js directories and npm modules","main":"./index.js","directories":{"example":"./examples"},"repository":{"type":"git","url":"git://github.com/substack/node-browserify.git"},"keywords":["browser","require","middleware","bundle","npm"],"dependencies":{"findit":">=0.0.3","source":">=0.0.3","es5-shim":">=1.0.0","coffee-script":">=1.0.0"},"devDependencies":{"connect":">=1.0.0","seq":">=0.1.8","traverse":">=0.3.1","backbone":">=0.3.3"},"author":{"name":"James Halliday","email":"mail@substack.net","url":"http://substack.net"},"scripts":{"test":"expresso"},"license":"MIT/X11","engine":["node >=0.4.0"],"_id":"browserify@0.2.5","engines":{"node":"*"},"_engineSupported":true,"_npmVersion":"0.3.15","_nodeVersion":"v0.4.2","files":[""],"_defaultsLoaded":true,"dist":{"shasum":"bf38d5f4084dd965e540786325eb87d85e039d20","tarball":"http://registry.npmjs.org/browserify/-/browserify-0.2.5.tgz"}},"0.2.6":{"name":"browserify","version":"0.2.6","description":"Browser-side require() for js directories and npm modules","main":"./index.js","directories":{"example":"./examples"},"repository":{"type":"git","url":"git://github.com/substack/node-browserify.git"},"keywords":["browser","require","middleware","bundle","npm"],"dependencies":{"findit":">=0.0.3","source":">=0.0.3","es5-shim":">=1.0.0","coffee-script":">=1.0.0"},"devDependencies":{"connect":">=1.0.0","seq":">=0.1.8","traverse":">=0.3.1","backbone":">=0.3.3"},"author":{"name":"James Halliday","email":"mail@substack.net","url":"http://substack.net"},"scripts":{"test":"expresso"},"license":"MIT/X11","engine":["node >=0.4.0"],"_id":"browserify@0.2.6","engines":{"node":"*"},"_engineSupported":true,"_npmVersion":"0.3.15","_nodeVersion":"v0.4.2","files":[""],"_defaultsLoaded":true,"dist":{"shasum":"1efd2a754f6e20258d953b6d48b140a0304d65c0","tarball":"http://registry.npmjs.org/browserify/-/browserify-0.2.6.tgz"}},"0.2.7":{"name":"browserify","version":"0.2.7","description":"Browser-side require() for js directories and npm modules","main":"./index.js","directories":{"example":"./examples"},"repository":{"type":"git","url":"git://github.com/substack/node-browserify.git"},"keywords":["browser","require","middleware","bundle","npm","coffee","javascript"],"dependencies":{"findit":">=0.0.3","source":">=0.0.3","es5-shim":">=1.0.0","coffee-script":">=1.0.0","hashish":">=0.0.2"},"devDependencies":{"connect":">=1.0.0","seq":">=0.1.8","traverse":">=0.3.1","backbone":">=0.3.3"},"author":{"name":"James Halliday","email":"mail@substack.net","url":"http://substack.net"},"scripts":{"test":"expresso"},"license":"MIT/X11","engine":["node >=0.4.0"],"_id":"browserify@0.2.7","engines":{"node":"*"},"_engineSupported":true,"_npmVersion":"0.3.15","_nodeVersion":"v0.4.2","files":[""],"_defaultsLoaded":true,"dist":{"shasum":"1078e6cfbbafdbeaf21e523f73705487f20d8256","tarball":"http://registry.npmjs.org/browserify/-/browserify-0.2.7.tgz"}},"0.2.8":{"name":"browserify","version":"0.2.8","description":"Browser-side require() for js directories and npm modules","main":"./index.js","directories":{"example":"./examples"},"repository":{"type":"git","url":"git://github.com/substack/node-browserify.git"},"keywords":["browser","require","middleware","bundle","npm","coffee","javascript"],"dependencies":{"findit":">=0.0.3","source":">=0.0.3","es5-shim":">=1.0.0","coffee-script":">=1.0.0","hashish":">=0.0.2"},"devDependencies":{"connect":">=1.0.0","seq":">=0.1.8","traverse":">=0.3.1","backbone":">=0.3.3"},"author":{"name":"James Halliday","email":"mail@substack.net","url":"http://substack.net"},"scripts":{"test":"expresso"},"license":"MIT/X11","engine":["node >=0.4.0"],"_id":"browserify@0.2.8","engines":{"node":"*"},"_engineSupported":true,"_npmVersion":"0.3.15","_nodeVersion":"v0.4.2","files":[""],"_defaultsLoaded":true,"dist":{"shasum":"261765f7997cb5e58a27a3798d66a41f5a8d75bb","tarball":"http://registry.npmjs.org/browserify/-/browserify-0.2.8.tgz"}},"0.2.9":{"name":"browserify","version":"0.2.9","description":"Browser-side require() for js directories and npm modules","main":"./index.js","directories":{"example":"./examples"},"repository":{"type":"git","url":"git://github.com/substack/node-browserify.git"},"keywords":["browser","require","middleware","bundle","npm","coffee","javascript"],"dependencies":{"findit":">=0.0.3","source":">=0.0.3","es5-shim":">=1.0.0","coffee-script":">=1.0.0","hashish":">=0.0.2"},"devDependencies":{"connect":">=1.0.0","seq":">=0.1.8","traverse":">=0.3.1","backbone":">=0.3.3","dnode":">=0.6.2"},"author":{"name":"James Halliday","email":"mail@substack.net","url":"http://substack.net"},"scripts":{"test":"expresso"},"license":"MIT/X11","engine":["node >=0.4.0"],"_id":"browserify@0.2.9","engines":{"node":"*"},"_engineSupported":true,"_npmVersion":"0.3.15","_nodeVersion":"v0.4.2","files":[""],"_defaultsLoaded":true,"dist":{"shasum":"e4945cc3e5dbc56c85f30fd17b8c9cbb72a23b96","tarball":"http://registry.npmjs.org/browserify/-/browserify-0.2.9.tgz"}},"0.2.10":{"name":"browserify","version":"0.2.10","description":"Browser-side require() for js directories and npm modules","main":"./index.js","directories":{"example":"./examples"},"repository":{"type":"git","url":"git://github.com/substack/node-browserify.git"},"keywords":["browser","require","middleware","bundle","npm","coffee","javascript"],"dependencies":{"findit":">=0.0.3","source":">=0.0.3","es5-shim":">=1.0.0","coffee-script":">=1.0.0","hashish":">=0.0.2"},"devDependencies":{"connect":">=1.0.0","seq":">=0.1.8","traverse":">=0.3.1","backbone":">=0.3.3","dnode":">=0.6.2"},"author":{"name":"James Halliday","email":"mail@substack.net","url":"http://substack.net"},"scripts":{"test":"expresso"},"license":"MIT/X11","engine":{"node":">=0.4.0"},"_id":"browserify@0.2.10","engines":{"node":"*"},"_engineSupported":true,"_npmVersion":"0.3.15","_nodeVersion":"v0.4.2","files":[""],"_defaultsLoaded":true,"dist":{"shasum":"1a7bd2a49538358337c5aa2a66e52d2e2aeea82d","tarball":"http://registry.npmjs.org/browserify/-/browserify-0.2.10.tgz"}},"0.2.11":{"name":"browserify","version":"0.2.11","description":"Browser-side require() for js directories and npm modules","main":"./index.js","directories":{"example":"./examples"},"repository":{"type":"git","url":"git://github.com/substack/node-browserify.git"},"keywords":["browser","require","middleware","bundle","npm","coffee","javascript"],"dependencies":{"findit":">=0.0.3","source":">=0.0.3","es5-shim":">=1.0.0","coffee-script":">=1.0.0","hashish":">=0.0.2"},"devDependencies":{"connect":">=1.0.0","seq":">=0.1.8","traverse":">=0.3.1","backbone":">=0.3.3","dnode":">=0.6.2"},"author":{"name":"James Halliday","email":"mail@substack.net","url":"http://substack.net"},"scripts":{"test":"expresso"},"license":"MIT/X11","engine":{"node":">=0.4.0"},"_id":"browserify@0.2.11","engines":{"node":"*"},"_engineSupported":true,"_npmVersion":"0.3.15","_nodeVersion":"v0.4.2","files":[""],"_defaultsLoaded":true,"dist":{"shasum":"cd1336a2b6d73f2a9d201c6d629d9e427ef1a8eb","tarball":"http://registry.npmjs.org/browserify/-/browserify-0.2.11.tgz"}},"0.3.0":{"name":"browserify","version":"0.3.0","description":"Browser-side require() for js directories and npm modules","main":"./index.js","directories":{"example":"./examples"},"repository":{"type":"git","url":"git://github.com/substack/node-browserify.git"},"keywords":["browser","require","middleware","bundle","npm","coffee","javascript"],"dependencies":{"findit":">=0.0.3","source":">=0.0.3","es5-shim":">=1.0.0","coffee-script":">=1.0.0","hashish":">=0.0.2"},"devDependencies":{"connect":">=1.0.0","seq":">=0.1.8","traverse":">=0.3.1","backbone":">=0.3.3","dnode":">=0.6.2"},"author":{"name":"James Halliday","email":"mail@substack.net","url":"http://substack.net"},"scripts":{"test":"expresso"},"license":"MIT/X11","engine":{"node":">=0.4.0"},"_id":"browserify@0.3.0","engines":{"node":"*"},"_engineSupported":true,"_npmVersion":"0.3.15","_nodeVersion":"v0.4.2","files":[""],"_defaultsLoaded":true,"dist":{"shasum":"32ddfbb2b467e9af1b1aade67a533da678a36aef","tarball":"http://registry.npmjs.org/browserify/-/browserify-0.3.0.tgz"}},"0.3.1":{"name":"browserify","version":"0.3.1","description":"Browser-side require() for js directories and npm modules","main":"./index.js","directories":{"example":"./examples"},"repository":{"type":"git","url":"git://github.com/substack/node-browserify.git"},"keywords":["browser","require","middleware","bundle","npm","coffee","javascript"],"dependencies":{"findit":">=0.0.3","source":">=0.0.3","es5-shim":">=1.0.0","coffee-script":">=1.0.0","hashish":">=0.0.2"},"devDependencies":{"connect":">=1.0.0","seq":">=0.1.8","traverse":">=0.3.1","backbone":">=0.3.3","dnode":">=0.6.2"},"author":{"name":"James Halliday","email":"mail@substack.net","url":"http://substack.net"},"scripts":{"test":"expresso"},"license":"MIT/X11","engine":{"node":">=0.4.0"},"_id":"browserify@0.3.1","engines":{"node":"*"},"_engineSupported":true,"_npmVersion":"0.3.18","_nodeVersion":"v0.4.2","files":[""],"_defaultsLoaded":true,"dist":{"shasum":"71878b037bfb4dec67df82715f78cc23560ea0bd","tarball":"http://registry.npmjs.org/browserify/-/browserify-0.3.1.tgz"}},"0.3.2":{"name":"browserify","version":"0.3.2","description":"Browser-side require() for js directories and npm modules","main":"./index.js","directories":{"example":"./examples"},"repository":{"type":"git","url":"git://github.com/substack/node-browserify.git"},"keywords":["browser","require","middleware","bundle","npm","coffee","javascript"],"dependencies":{"findit":">=0.0.3","source":">=0.0.3","es5-shim":">=1.0.0","coffee-script":">=1.0.0","hashish":">=0.0.2"},"devDependencies":{"connect":">=1.0.0","seq":">=0.1.8","traverse":">=0.3.1","backbone":">=0.3.3","dnode":">=0.6.2"},"author":{"name":"James Halliday","email":"mail@substack.net","url":"http://substack.net"},"scripts":{"test":"expresso"},"license":"MIT/X11","engine":{"node":">=0.4.0"},"_id":"browserify@0.3.2","engines":{"node":"*"},"_engineSupported":true,"_npmVersion":"1.0.1rc9","_nodeVersion":"v0.5.0-pre","_defaultsLoaded":true,"dist":{"shasum":"e2b91efd2f487363a08bf1986c3aa45386fd3c8c","tarball":"http://registry.npmjs.org/browserify/-/browserify-0.3.2.tgz"}},"0.3.3":{"name":"browserify","version":"0.3.3","description":"Browser-side require() for js directories and npm modules","main":"./index.js","directories":{"example":"./examples"},"repository":{"type":"git","url":"git://github.com/substack/node-browserify.git"},"keywords":["browser","require","middleware","bundle","npm","coffee","javascript"],"dependencies":{"findit":">=0.0.3","source":">=0.0.3","es5-shim":">=1.0.0","coffee-script":">=1.0.0","hashish":">=0.0.2"},"devDependencies":{"connect":">=1.0.0","seq":">=0.1.8","traverse":">=0.3.1","backbone":">=0.3.3","dnode":">=0.6.2"},"author":{"name":"James Halliday","email":"mail@substack.net","url":"http://substack.net"},"scripts":{"test":"expresso"},"license":"MIT/X11","engine":{"node":">=0.4.0"},"_id":"browserify@0.3.3","engines":{"node":"*"},"_engineSupported":true,"_npmVersion":"1.0.1rc9","_nodeVersion":"v0.5.0-pre","_defaultsLoaded":true,"dist":{"shasum":"53fc53b044fbb5a8bf3f9f628d77f5dc148eee88","tarball":"http://registry.npmjs.org/browserify/-/browserify-0.3.3.tgz"}},"0.3.4":{"name":"browserify","version":"0.3.4","description":"Browser-side require() for js directories and npm modules","main":"./index.js","directories":{"example":"./examples"},"repository":{"type":"git","url":"git://github.com/substack/node-browserify.git"},"keywords":["browser","require","middleware","bundle","npm","coffee","javascript"],"dependencies":{"findit":">=0.0.3","source":">=0.0.3","es5-shim":">=1.0.0","coffee-script":">=1.0.0","hashish":">=0.0.2"},"devDependencies":{"connect":">=1.0.0","seq":">=0.1.8","traverse":">=0.3.1","backbone":">=0.3.3","dnode":">=0.6.2"},"author":{"name":"James Halliday","email":"mail@substack.net","url":"http://substack.net"},"scripts":{"test":"expresso"},"license":"MIT/X11","engine":{"node":">=0.4.0"},"_id":"browserify@0.3.4","engines":{"node":"*"},"_engineSupported":true,"_npmVersion":"1.0.1rc9","_nodeVersion":"v0.5.0-pre","_defaultsLoaded":true,"dist":{"shasum":"7aa6e423eb1b1202a099b257cb32c92b45d96dc3","tarball":"http://registry.npmjs.org/browserify/-/browserify-0.3.4.tgz"}},"0.3.5":{"name":"browserify","version":"0.3.5","description":"Browser-side require() for js directories and npm modules","main":"./index.js","directories":{"example":"./examples"},"repository":{"type":"git","url":"git://github.com/substack/node-browserify.git"},"keywords":["browser","require","middleware","bundle","npm","coffee","javascript"],"dependencies":{"findit":">=0.0.3","source":">=0.0.3","es5-shim":">=1.0.0","coffee-script":">=1.0.0","hashish":">=0.0.2"},"devDependencies":{"connect":">=1.0.0","seq":">=0.1.8","traverse":">=0.3.1","backbone":">=0.3.3","dnode":">=0.6.2"},"author":{"name":"James Halliday","email":"mail@substack.net","url":"http://substack.net"},"scripts":{"test":"expresso"},"license":"MIT/X11","engine":{"node":">=0.4.0"},"_id":"browserify@0.3.5","engines":{"node":"*"},"_engineSupported":true,"_npmVersion":"1.0.1rc9","_nodeVersion":"v0.5.0-pre","_defaultsLoaded":true,"dist":{"shasum":"a34a042dd6a009e7ad80b1088789b913a9647452","tarball":"http://registry.npmjs.org/browserify/-/browserify-0.3.5.tgz"}},"0.3.6":{"name":"browserify","version":"0.3.6","description":"Browser-side require() for js directories and npm modules","main":"./index.js","directories":{"example":"./examples"},"repository":{"type":"git","url":"git://github.com/substack/node-browserify.git"},"keywords":["browser","require","middleware","bundle","npm","coffee","javascript"],"dependencies":{"findit":">=0.0.3","source":">=0.0.3","es5-shim":">=1.0.0","coffee-script":">=1.0.0","hashish":">=0.0.2"},"devDependencies":{"connect":">=1.0.0","seq":">=0.1.8","traverse":">=0.3.1","backbone":">=0.3.3","dnode":">=0.6.2"},"author":{"name":"James Halliday","email":"mail@substack.net","url":"http://substack.net"},"scripts":{"test":"expresso"},"license":"MIT/X11","engine":{"node":">=0.4.0"},"_id":"browserify@0.3.6","engines":{"node":"*"},"_engineSupported":true,"_npmVersion":"1.0.1rc9","_nodeVersion":"v0.5.0-pre","_defaultsLoaded":true,"dist":{"shasum":"9b4ce54ad68837b9c41462ed4cbd5f8a4b175e47","tarball":"http://registry.npmjs.org/browserify/-/browserify-0.3.6.tgz"}},"0.3.7":{"name":"browserify","version":"0.3.7","description":"Browser-side require() for js directories and npm modules","main":"./index.js","directories":{"example":"./examples"},"repository":{"type":"git","url":"git://github.com/substack/node-browserify.git"},"keywords":["browser","require","middleware","bundle","npm","coffee","javascript"],"dependencies":{"findit":">=0.0.3","source":">=0.0.3","es5-shim":">=1.0.0","coffee-script":">=1.0.0","hashish":">=0.0.2"},"devDependencies":{"connect":">=1.0.0","seq":">=0.1.8","traverse":">=0.3.1","backbone":">=0.3.3","dnode":">=0.6.2"},"author":{"name":"James Halliday","email":"mail@substack.net","url":"http://substack.net"},"scripts":{"test":"expresso"},"license":"MIT/X11","engine":{"node":">=0.4.0"},"_id":"browserify@0.3.7","engines":{"node":"*"},"_engineSupported":true,"_npmVersion":"1.0.3","_nodeVersion":"v0.5.0-pre","_defaultsLoaded":true,"dist":{"shasum":"e8c33fc5868eb69a8fdd957b1d5b562326092fb0","tarball":"http://registry.npmjs.org/browserify/-/browserify-0.3.7.tgz"}},"0.4.0":{"name":"browserify","version":"0.4.0","description":"Browser-side require() for js directories and npm modules","main":"./index.js","directories":{"example":"./examples"},"repository":{"type":"git","url":"git://github.com/substack/node-browserify.git"},"keywords":["browser","require","middleware","bundle","npm","coffee","javascript"],"dependencies":{"findit":">=0.0.3 <0.1","source":">=0.0.3 <0.1","es5-shim":">=1.0.0","coffee-script":">=1.1.1 <1.2","hashish":">=0.0.2"},"devDependencies":{"connect":">=1.4.1 <1.5","seq":">=0.2.5 <0.3","traverse":">=0.3.1 <0.4","backbone":">=0.3.3","dnode":">=0.6.2"},"author":{"name":"James Halliday","email":"mail@substack.net","url":"http://substack.net"},"scripts":{"test":"expresso"},"license":"MIT/X11","engine":{"node":">=0.4.0"},"_id":"browserify@0.4.0","engines":{"node":"*"},"_engineSupported":true,"_npmVersion":"1.0.3","_nodeVersion":"v0.5.0-pre","_defaultsLoaded":true,"dist":{"shasum":"86bd2120238d72a954a4008c34b318afdae027bb","tarball":"http://registry.npmjs.org/browserify/-/browserify-0.4.0.tgz"}},"0.4.1":{"name":"browserify","version":"0.4.1","description":"Browser-side require() for js directories and npm modules","main":"./index.js","directories":{"example":"./examples"},"repository":{"type":"git","url":"git://github.com/substack/node-browserify.git"},"keywords":["browser","require","middleware","bundle","npm","coffee","javascript"],"dependencies":{"findit":">=0.0.3 <0.1","source":">=0.0.3 <0.1","es5-shim":">=1.0.0","coffee-script":">=1.1.1 <1.2","hashish":">=0.0.2"},"devDependencies":{"connect":">=1.4.1 <1.5","seq":">=0.2.5 <0.3","traverse":">=0.3.1 <0.4","backbone":">=0.3.3","dnode":">=0.6.2"},"author":{"name":"James Halliday","email":"mail@substack.net","url":"http://substack.net"},"scripts":{"test":"expresso"},"license":"MIT/X11","engine":{"node":">=0.4.0"},"_id":"browserify@0.4.1","engines":{"node":"*"},"_engineSupported":true,"_npmVersion":"1.0.3","_nodeVersion":"v0.5.0-pre","_defaultsLoaded":true,"dist":{"shasum":"f2a52484b57aa1412dcc79e52b901f3c2d5f434e","tarball":"http://registry.npmjs.org/browserify/-/browserify-0.4.1.tgz"}},"0.4.2":{"name":"browserify","version":"0.4.2","description":"Browser-side require() for js directories and npm modules","main":"./index.js","directories":{"example":"./exampl
155 error     at Object.parse (native)
155 error     at RegClient.<anonymous> (C:\Program Files (x86)\nodejs\node_modules\npm\node_modules\npm-registry-client\lib\request.js:274:23)
155 error     at Request._callback (C:\Program Files (x86)\nodejs\node_modules\npm\node_modules\npm-registry-client\lib\request.js:246:65)
155 error     at Request.self.callback (C:\Program Files (x86)\nodejs\node_modules\npm\node_modules\request\request.js:236:22)
155 error     at Request.emit (events.js:98:17)
155 error     at Request.<anonymous> (C:\Program Files (x86)\nodejs\node_modules\npm\node_modules\request\request.js:1142:14)
155 error     at Request.emit (events.js:117:20)
155 error     at IncomingMessage.<anonymous> (C:\Program Files (x86)\nodejs\node_modules\npm\node_modules\request\request.js:1096:12)
155 error     at IncomingMessage.emit (events.js:117:20)
155 error     at _stream_readable.js:943:16
156 error If you need help, you may report this *entire* log,
156 error including the npm and node versions, at:
156 error     <http://github.com/npm/npm/issues>
157 error System Windows_NT 6.2.9200
158 error command "C:\\Program Files (x86)\\nodejs\\\\node.exe" "C:\\Program Files (x86)\\nodejs\\node_modules\\npm\\bin\\npm-cli.js" "i"
159 error cwd D:\Poker_project\pokerv01
160 error node -v v0.10.33
161 error npm -v 1.4.28
162 error type unexpected_eos
163 verbose exit [ 1, true ]
